[INFO ] 2024-08-11 21:49:24.481 [main] UserTest - Preparing test data using faker
[INFO ] 2024-08-11 21:49:24.705 [main] UserTest - Inside create user
[INFO ] 2024-08-11 21:49:28.596 [main] UserTest - Inside get user
[INFO ] 2024-08-11 21:49:30.974 [main] UserTest - Inside get user
[INFO ] 2024-08-26 13:57:20.770 [main] UserTest - Preparing test data using faker
[INFO ] 2024-08-26 13:57:20.926 [main] UserTest - Inside create user
[INFO ] 2024-08-26 13:57:23.989 [main] UserTest - Inside get user
[INFO ] 2024-08-26 13:57:26.907 [main] UserTest - Inside get user
[INFO ] 2024-09-10 16:58:48.768 [main] UserTest - Preparing test data using faker
[INFO ] 2024-09-10 16:58:48.994 [main] UserTest - Inside create user test
[INFO ] 2024-09-10 17:12:06.166 [main] UserTest - Preparing test data using faker
[INFO ] 2024-09-10 17:12:06.414 [main] UserTest - Inside create user test
[INFO ] 2024-09-10 17:13:39.095 [main] UserTest - Preparing test data using faker
[INFO ] 2024-09-10 17:13:39.282 [main] UserTest - Inside create user test
[INFO ] 2024-09-10 17:14:14.381 [main] UserTest - Preparing test data using faker
[INFO ] 2024-09-10 17:14:14.578 [main] UserTest - Inside create user test
[INFO ] 2024-09-10 17:14:35.230 [main] UserTest - Preparing test data using faker
[INFO ] 2024-09-10 17:14:35.424 [main] UserTest - Inside create user test
[INFO ] 2024-09-10 17:15:25.599 [main] UserTest - Preparing test data using faker
[INFO ] 2024-09-10 17:15:25.761 [main] UserTest - Inside create user test
[INFO ] 2024-09-10 17:24:01.753 [main] UserTest - Preparing test data using faker
[INFO ] 2024-09-10 17:24:01.917 [main] UserTest - Inside create user test
[INFO ] 2024-09-10 17:24:25.281 [main] UserTest - Preparing test data using faker
[INFO ] 2024-09-10 17:24:25.441 [main] UserTest - Inside create user test
[INFO ] 2024-09-10 18:12:04.544 [main] UserTest - Preparing test data using faker
[INFO ] 2024-09-10 18:12:04.721 [main] UserTest - Inside create user test
[INFO ] 2024-09-10 18:12:54.078 [main] UserTest - Preparing test data using faker
[INFO ] 2024-09-10 18:12:54.306 [main] UserTest - Inside create user test
[INFO ] 2024-09-10 18:14:04.635 [main] UserTest - Preparing test data using faker
[INFO ] 2024-09-10 18:14:04.864 [main] UserTest - Inside create user test
[INFO ] 2024-09-10 18:14:47.143 [main] UserTest - Preparing test data using faker
[INFO ] 2024-09-10 18:14:47.468 [main] UserTest - Inside create user test
[INFO ] 2024-09-10 18:17:04.066 [main] UserTest - Preparing test data using faker
[INFO ] 2024-09-10 18:17:04.220 [main] UserTest - Inside create user test
[INFO ] 2024-09-10 18:58:50.768 [main] UserTest - Preparing test data using faker
[INFO ] 2024-09-10 18:58:50.960 [main] UserTest - Inside create user test
[INFO ] 2024-09-10 18:58:54.984 [main] UserTest - Inside get user
[INFO ] 2024-09-10 18:59:46.694 [main] UserTest - Preparing test data using faker
[INFO ] 2024-09-10 18:59:46.847 [main] UserTest - Inside create user test
[INFO ] 2024-09-10 18:59:50.321 [main] UserTest - Inside get user
[INFO ] 2024-09-10 19:00:52.900 [main] UserTest - Preparing test data using faker
[INFO ] 2024-09-10 19:00:53.097 [main] UserTest - Inside create user test
[INFO ] 2024-09-10 19:00:56.740 [main] UserTest - Inside get user
[INFO ] 2024-09-10 19:01:20.402 [main] UserTest - Preparing test data using faker
[INFO ] 2024-09-10 19:01:20.561 [main] UserTest - Inside create user test
[INFO ] 2024-09-10 19:01:23.943 [main] UserTest - Inside get user
[INFO ] 2024-09-10 19:01:58.757 [main] UserTest - Preparing test data using faker
[INFO ] 2024-09-10 19:01:58.975 [main] UserTest - Inside create user test
[INFO ] 2024-09-10 19:02:02.438 [main] UserTest - Inside get user
[INFO ] 2024-09-10 19:25:50.680 [main] UserTest - Preparing test data using faker
[INFO ] 2024-09-10 19:25:50.877 [main] UserTest - Inside create user test
[INFO ] 2024-09-10 19:25:54.781 [main] UserTest - Inside get user
[INFO ] 2024-09-10 19:25:57.505 [main] UserTest - Inside get user
[INFO ] 2024-09-10 19:29:13.056 [main] UserTest - Preparing test data using faker
[INFO ] 2024-09-10 19:29:13.221 [main] UserTest - Inside create user test
[INFO ] 2024-09-10 19:29:16.768 [main] UserTest - Inside get user
[INFO ] 2024-09-10 19:29:19.554 [main] UserTest - Inside get user
[INFO ] 2024-09-10 19:33:52.825 [main] UserTest - Preparing test data using faker
[INFO ] 2024-09-10 19:33:52.998 [main] UserTest - Inside create user test
[INFO ] 2024-09-10 19:33:56.683 [main] UserTest - Inside get user
[INFO ] 2024-09-10 19:33:59.348 [main] UserTest - Inside get user
[INFO ] 2024-09-10 19:35:05.434 [main] UserTest - Preparing test data using faker
[INFO ] 2024-09-10 19:35:05.585 [main] UserTest - Inside create user test
[INFO ] 2024-09-10 19:35:09.821 [main] UserTest - Inside get user
[INFO ] 2024-09-10 19:35:12.913 [main] UserTest - Inside get user
[INFO ] 2024-09-10 19:36:16.436 [main] UserTest - Preparing test data using faker
[INFO ] 2024-09-10 19:36:16.598 [main] UserTest - Inside create user test
[INFO ] 2024-09-10 19:36:20.269 [main] UserTest - Inside get user
[INFO ] 2024-09-10 19:36:22.909 [main] UserTest - Inside get user
[INFO ] 2024-09-10 19:37:12.271 [main] UserTest - Preparing test data using faker
[INFO ] 2024-09-10 19:37:12.440 [main] UserTest - Inside create user test
[INFO ] 2024-09-10 19:37:15.900 [main] UserTest - Inside get user
[INFO ] 2024-09-10 19:37:18.608 [main] UserTest - Inside get user
[DEBUG] 2024-09-10 19:59:01.600 [main] PackageRelationshipCollection - Parsing relationship: /xl/_rels/workbook.xml.rels
[DEBUG] 2024-09-10 19:59:01.604 [main] PackageRelationshipCollection - Parsing relationship: /xl/worksheets/_rels/sheet1.xml.rels
[DEBUG] 2024-09-10 19:59:01.605 [main] PackageRelationshipCollection - Parsing relationship: /_rels/.rels
[DEBUG] 2024-09-10 19:59:02.150 [main] PackageRelationshipCollection - Parsing relationship: /xl/_rels/workbook.xml.rels
[DEBUG] 2024-09-10 19:59:02.151 [main] PackageRelationshipCollection - Parsing relationship: /xl/worksheets/_rels/sheet1.xml.rels
[DEBUG] 2024-09-10 19:59:02.151 [main] PackageRelationshipCollection - Parsing relationship: /_rels/.rels
[DEBUG] 2024-09-10 19:59:02.188 [main] PackageRelationshipCollection - Parsing relationship: /xl/_rels/workbook.xml.rels
[DEBUG] 2024-09-10 19:59:02.190 [main] PackageRelationshipCollection - Parsing relationship: /xl/worksheets/_rels/sheet1.xml.rels
[DEBUG] 2024-09-10 19:59:02.192 [main] PackageRelationshipCollection - Parsing relationship: /_rels/.rels
[DEBUG] 2024-09-10 19:59:02.256 [main] PackageRelationshipCollection - Parsing relationship: /xl/_rels/workbook.xml.rels
[DEBUG] 2024-09-10 19:59:02.257 [main] PackageRelationshipCollection - Parsing relationship: /xl/worksheets/_rels/sheet1.xml.rels
[DEBUG] 2024-09-10 19:59:02.259 [main] PackageRelationshipCollection - Parsing relationship: /_rels/.rels
[DEBUG] 2024-09-10 19:59:02.281 [main] PackageRelationshipCollection - Parsing relationship: /xl/_rels/workbook.xml.rels
[DEBUG] 2024-09-10 19:59:02.282 [main] PackageRelationshipCollection - Parsing relationship: /xl/worksheets/_rels/sheet1.xml.rels
[DEBUG] 2024-09-10 19:59:02.282 [main] PackageRelationshipCollection - Parsing relationship: /_rels/.rels
[DEBUG] 2024-09-10 19:59:02.301 [main] PackageRelationshipCollection - Parsing relationship: /xl/_rels/workbook.xml.rels
[DEBUG] 2024-09-10 19:59:02.302 [main] PackageRelationshipCollection - Parsing relationship: /xl/worksheets/_rels/sheet1.xml.rels
[DEBUG] 2024-09-10 19:59:02.302 [main] PackageRelationshipCollection - Parsing relationship: /_rels/.rels
[DEBUG] 2024-09-10 19:59:02.317 [main] PackageRelationshipCollection - Parsing relationship: /xl/_rels/workbook.xml.rels
[DEBUG] 2024-09-10 19:59:02.318 [main] PackageRelationshipCollection - Parsing relationship: /xl/worksheets/_rels/sheet1.xml.rels
[DEBUG] 2024-09-10 19:59:02.319 [main] PackageRelationshipCollection - Parsing relationship: /_rels/.rels
[DEBUG] 2024-09-10 19:59:02.335 [main] PackageRelationshipCollection - Parsing relationship: /xl/_rels/workbook.xml.rels
[DEBUG] 2024-09-10 19:59:02.337 [main] PackageRelationshipCollection - Parsing relationship: /xl/worksheets/_rels/sheet1.xml.rels
[DEBUG] 2024-09-10 19:59:02.338 [main] PackageRelationshipCollection - Parsing relationship: /_rels/.rels
[DEBUG] 2024-09-10 19:59:02.361 [main] PackageRelationshipCollection - Parsing relationship: /xl/_rels/workbook.xml.rels
[DEBUG] 2024-09-10 19:59:02.362 [main] PackageRelationshipCollection - Parsing relationship: /xl/worksheets/_rels/sheet1.xml.rels
[DEBUG] 2024-09-10 19:59:02.364 [main] PackageRelationshipCollection - Parsing relationship: /_rels/.rels
[DEBUG] 2024-09-10 19:59:02.378 [main] PackageRelationshipCollection - Parsing relationship: /xl/_rels/workbook.xml.rels
[DEBUG] 2024-09-10 19:59:02.379 [main] PackageRelationshipCollection - Parsing relationship: /xl/worksheets/_rels/sheet1.xml.rels
[DEBUG] 2024-09-10 19:59:02.380 [main] PackageRelationshipCollection - Parsing relationship: /_rels/.rels
[DEBUG] 2024-09-10 19:59:02.396 [main] PackageRelationshipCollection - Parsing relationship: /xl/_rels/workbook.xml.rels
[DEBUG] 2024-09-10 19:59:02.397 [main] PackageRelationshipCollection - Parsing relationship: /xl/worksheets/_rels/sheet1.xml.rels
[DEBUG] 2024-09-10 19:59:02.397 [main] PackageRelationshipCollection - Parsing relationship: /_rels/.rels
[DEBUG] 2024-09-10 19:59:02.412 [main] PackageRelationshipCollection - Parsing relationship: /xl/_rels/workbook.xml.rels
[DEBUG] 2024-09-10 19:59:02.412 [main] PackageRelationshipCollection - Parsing relationship: /xl/worksheets/_rels/sheet1.xml.rels
[DEBUG] 2024-09-10 19:59:02.414 [main] PackageRelationshipCollection - Parsing relationship: /_rels/.rels
[DEBUG] 2024-09-10 19:59:02.428 [main] PackageRelationshipCollection - Parsing relationship: /xl/_rels/workbook.xml.rels
[DEBUG] 2024-09-10 19:59:02.430 [main] PackageRelationshipCollection - Parsing relationship: /xl/worksheets/_rels/sheet1.xml.rels
[DEBUG] 2024-09-10 19:59:02.431 [main] PackageRelationshipCollection - Parsing relationship: /_rels/.rels
[DEBUG] 2024-09-10 19:59:02.447 [main] PackageRelationshipCollection - Parsing relationship: /xl/_rels/workbook.xml.rels
[DEBUG] 2024-09-10 19:59:02.448 [main] PackageRelationshipCollection - Parsing relationship: /xl/worksheets/_rels/sheet1.xml.rels
[DEBUG] 2024-09-10 19:59:02.449 [main] PackageRelationshipCollection - Parsing relationship: /_rels/.rels
[DEBUG] 2024-09-10 19:59:02.464 [main] PackageRelationshipCollection - Parsing relationship: /xl/_rels/workbook.xml.rels
[DEBUG] 2024-09-10 19:59:02.466 [main] PackageRelationshipCollection - Parsing relationship: /xl/worksheets/_rels/sheet1.xml.rels
[DEBUG] 2024-09-10 19:59:02.466 [main] PackageRelationshipCollection - Parsing relationship: /_rels/.rels
[DEBUG] 2024-09-10 19:59:02.483 [main] PackageRelationshipCollection - Parsing relationship: /xl/_rels/workbook.xml.rels
[DEBUG] 2024-09-10 19:59:02.484 [main] PackageRelationshipCollection - Parsing relationship: /xl/worksheets/_rels/sheet1.xml.rels
[DEBUG] 2024-09-10 19:59:02.485 [main] PackageRelationshipCollection - Parsing relationship: /_rels/.rels
[DEBUG] 2024-09-10 19:59:02.505 [main] PackageRelationshipCollection - Parsing relationship: /xl/_rels/workbook.xml.rels
[DEBUG] 2024-09-10 19:59:02.506 [main] PackageRelationshipCollection - Parsing relationship: /xl/worksheets/_rels/sheet1.xml.rels
[DEBUG] 2024-09-10 19:59:02.506 [main] PackageRelationshipCollection - Parsing relationship: /_rels/.rels
[DEBUG] 2024-09-10 19:59:02.523 [main] PackageRelationshipCollection - Parsing relationship: /xl/_rels/workbook.xml.rels
[DEBUG] 2024-09-10 19:59:02.523 [main] PackageRelationshipCollection - Parsing relationship: /xl/worksheets/_rels/sheet1.xml.rels
[DEBUG] 2024-09-10 19:59:02.524 [main] PackageRelationshipCollection - Parsing relationship: /_rels/.rels
[DEBUG] 2024-09-10 19:59:02.538 [main] PackageRelationshipCollection - Parsing relationship: /xl/_rels/workbook.xml.rels
[DEBUG] 2024-09-10 19:59:02.538 [main] PackageRelationshipCollection - Parsing relationship: /xl/worksheets/_rels/sheet1.xml.rels
[DEBUG] 2024-09-10 19:59:02.539 [main] PackageRelationshipCollection - Parsing relationship: /_rels/.rels
[DEBUG] 2024-09-10 19:59:02.553 [main] PackageRelationshipCollection - Parsing relationship: /xl/_rels/workbook.xml.rels
[DEBUG] 2024-09-10 19:59:02.554 [main] PackageRelationshipCollection - Parsing relationship: /xl/worksheets/_rels/sheet1.xml.rels
[DEBUG] 2024-09-10 19:59:02.554 [main] PackageRelationshipCollection - Parsing relationship: /_rels/.rels
[DEBUG] 2024-09-10 19:59:02.569 [main] PackageRelationshipCollection - Parsing relationship: /xl/_rels/workbook.xml.rels
[DEBUG] 2024-09-10 19:59:02.570 [main] PackageRelationshipCollection - Parsing relationship: /xl/worksheets/_rels/sheet1.xml.rels
[DEBUG] 2024-09-10 19:59:02.570 [main] PackageRelationshipCollection - Parsing relationship: /_rels/.rels
[DEBUG] 2024-09-10 19:59:02.582 [main] PackageRelationshipCollection - Parsing relationship: /xl/_rels/workbook.xml.rels
[DEBUG] 2024-09-10 19:59:02.583 [main] PackageRelationshipCollection - Parsing relationship: /xl/worksheets/_rels/sheet1.xml.rels
[DEBUG] 2024-09-10 19:59:02.583 [main] PackageRelationshipCollection - Parsing relationship: /_rels/.rels
[DEBUG] 2024-09-10 19:59:02.594 [main] PackageRelationshipCollection - Parsing relationship: /xl/_rels/workbook.xml.rels
[DEBUG] 2024-09-10 19:59:02.595 [main] PackageRelationshipCollection - Parsing relationship: /xl/worksheets/_rels/sheet1.xml.rels
[DEBUG] 2024-09-10 19:59:02.595 [main] PackageRelationshipCollection - Parsing relationship: /_rels/.rels
[DEBUG] 2024-09-10 19:59:02.643 [main] PackageRelationshipCollection - Parsing relationship: /xl/_rels/workbook.xml.rels
[DEBUG] 2024-09-10 19:59:02.644 [main] PackageRelationshipCollection - Parsing relationship: /xl/worksheets/_rels/sheet1.xml.rels
[DEBUG] 2024-09-10 19:59:02.644 [main] PackageRelationshipCollection - Parsing relationship: /_rels/.rels
[DEBUG] 2024-09-10 19:59:02.657 [main] PackageRelationshipCollection - Parsing relationship: /xl/_rels/workbook.xml.rels
[DEBUG] 2024-09-10 19:59:02.658 [main] PackageRelationshipCollection - Parsing relationship: /xl/worksheets/_rels/sheet1.xml.rels
[DEBUG] 2024-09-10 19:59:02.658 [main] PackageRelationshipCollection - Parsing relationship: /_rels/.rels
[DEBUG] 2024-09-10 19:59:02.670 [main] PackageRelationshipCollection - Parsing relationship: /xl/_rels/workbook.xml.rels
[DEBUG] 2024-09-10 19:59:02.671 [main] PackageRelationshipCollection - Parsing relationship: /xl/worksheets/_rels/sheet1.xml.rels
[DEBUG] 2024-09-10 19:59:02.671 [main] PackageRelationshipCollection - Parsing relationship: /_rels/.rels
[DEBUG] 2024-09-10 19:59:02.685 [main] PackageRelationshipCollection - Parsing relationship: /xl/_rels/workbook.xml.rels
[DEBUG] 2024-09-10 19:59:02.686 [main] PackageRelationshipCollection - Parsing relationship: /xl/worksheets/_rels/sheet1.xml.rels
[DEBUG] 2024-09-10 19:59:02.687 [main] PackageRelationshipCollection - Parsing relationship: /_rels/.rels
[DEBUG] 2024-09-10 19:59:02.699 [main] PackageRelationshipCollection - Parsing relationship: /xl/_rels/workbook.xml.rels
[DEBUG] 2024-09-10 19:59:02.699 [main] PackageRelationshipCollection - Parsing relationship: /xl/worksheets/_rels/sheet1.xml.rels
[DEBUG] 2024-09-10 19:59:02.700 [main] PackageRelationshipCollection - Parsing relationship: /_rels/.rels
[DEBUG] 2024-09-10 19:59:02.711 [main] PackageRelationshipCollection - Parsing relationship: /xl/_rels/workbook.xml.rels
[DEBUG] 2024-09-10 19:59:02.711 [main] PackageRelationshipCollection - Parsing relationship: /xl/worksheets/_rels/sheet1.xml.rels
[DEBUG] 2024-09-10 19:59:02.712 [main] PackageRelationshipCollection - Parsing relationship: /_rels/.rels
[DEBUG] 2024-09-10 19:59:02.722 [main] PackageRelationshipCollection - Parsing relationship: /xl/_rels/workbook.xml.rels
[DEBUG] 2024-09-10 19:59:02.723 [main] PackageRelationshipCollection - Parsing relationship: /xl/worksheets/_rels/sheet1.xml.rels
[DEBUG] 2024-09-10 19:59:02.723 [main] PackageRelationshipCollection - Parsing relationship: /_rels/.rels
[DEBUG] 2024-09-10 19:59:02.736 [main] PackageRelationshipCollection - Parsing relationship: /xl/_rels/workbook.xml.rels
[DEBUG] 2024-09-10 19:59:02.736 [main] PackageRelationshipCollection - Parsing relationship: /xl/worksheets/_rels/sheet1.xml.rels
[DEBUG] 2024-09-10 19:59:02.737 [main] PackageRelationshipCollection - Parsing relationship: /_rels/.rels
[DEBUG] 2024-09-10 19:59:02.748 [main] PackageRelationshipCollection - Parsing relationship: /xl/_rels/workbook.xml.rels
[DEBUG] 2024-09-10 19:59:02.750 [main] PackageRelationshipCollection - Parsing relationship: /xl/worksheets/_rels/sheet1.xml.rels
[DEBUG] 2024-09-10 19:59:02.751 [main] PackageRelationshipCollection - Parsing relationship: /_rels/.rels
[DEBUG] 2024-09-10 19:59:02.764 [main] PackageRelationshipCollection - Parsing relationship: /xl/_rels/workbook.xml.rels
[DEBUG] 2024-09-10 19:59:02.764 [main] PackageRelationshipCollection - Parsing relationship: /xl/worksheets/_rels/sheet1.xml.rels
[DEBUG] 2024-09-10 19:59:02.764 [main] PackageRelationshipCollection - Parsing relationship: /_rels/.rels
[DEBUG] 2024-09-10 19:59:02.774 [main] PackageRelationshipCollection - Parsing relationship: /xl/_rels/workbook.xml.rels
[DEBUG] 2024-09-10 19:59:02.775 [main] PackageRelationshipCollection - Parsing relationship: /xl/worksheets/_rels/sheet1.xml.rels
[DEBUG] 2024-09-10 19:59:02.775 [main] PackageRelationshipCollection - Parsing relationship: /_rels/.rels
[DEBUG] 2024-09-10 19:59:02.785 [main] PackageRelationshipCollection - Parsing relationship: /xl/_rels/workbook.xml.rels
[DEBUG] 2024-09-10 19:59:02.786 [main] PackageRelationshipCollection - Parsing relationship: /xl/worksheets/_rels/sheet1.xml.rels
[DEBUG] 2024-09-10 19:59:02.787 [main] PackageRelationshipCollection - Parsing relationship: /_rels/.rels
[DEBUG] 2024-09-10 19:59:02.798 [main] PackageRelationshipCollection - Parsing relationship: /xl/_rels/workbook.xml.rels
[DEBUG] 2024-09-10 19:59:02.798 [main] PackageRelationshipCollection - Parsing relationship: /xl/worksheets/_rels/sheet1.xml.rels
[DEBUG] 2024-09-10 19:59:02.799 [main] PackageRelationshipCollection - Parsing relationship: /_rels/.rels
[DEBUG] 2024-09-10 19:59:02.808 [main] PackageRelationshipCollection - Parsing relationship: /xl/_rels/workbook.xml.rels
[DEBUG] 2024-09-10 19:59:02.809 [main] PackageRelationshipCollection - Parsing relationship: /xl/worksheets/_rels/sheet1.xml.rels
[DEBUG] 2024-09-10 19:59:02.809 [main] PackageRelationshipCollection - Parsing relationship: /_rels/.rels
[DEBUG] 2024-09-10 19:59:02.820 [main] PackageRelationshipCollection - Parsing relationship: /xl/_rels/workbook.xml.rels
[DEBUG] 2024-09-10 19:59:02.821 [main] PackageRelationshipCollection - Parsing relationship: /xl/worksheets/_rels/sheet1.xml.rels
[DEBUG] 2024-09-10 19:59:02.821 [main] PackageRelationshipCollection - Parsing relationship: /_rels/.rels
[DEBUG] 2024-09-10 19:59:02.833 [main] PackageRelationshipCollection - Parsing relationship: /xl/_rels/workbook.xml.rels
[DEBUG] 2024-09-10 19:59:02.833 [main] PackageRelationshipCollection - Parsing relationship: /xl/worksheets/_rels/sheet1.xml.rels
[DEBUG] 2024-09-10 19:59:02.834 [main] PackageRelationshipCollection - Parsing relationship: /_rels/.rels
[DEBUG] 2024-09-10 19:59:02.844 [main] PackageRelationshipCollection - Parsing relationship: /xl/_rels/workbook.xml.rels
[DEBUG] 2024-09-10 19:59:02.844 [main] PackageRelationshipCollection - Parsing relationship: /xl/worksheets/_rels/sheet1.xml.rels
[DEBUG] 2024-09-10 19:59:02.845 [main] PackageRelationshipCollection - Parsing relationship: /_rels/.rels
[DEBUG] 2024-09-10 19:59:02.854 [main] PackageRelationshipCollection - Parsing relationship: /xl/_rels/workbook.xml.rels
[DEBUG] 2024-09-10 19:59:02.855 [main] PackageRelationshipCollection - Parsing relationship: /xl/worksheets/_rels/sheet1.xml.rels
[DEBUG] 2024-09-10 19:59:02.855 [main] PackageRelationshipCollection - Parsing relationship: /_rels/.rels
[DEBUG] 2024-09-10 19:59:02.865 [main] PackageRelationshipCollection - Parsing relationship: /xl/_rels/workbook.xml.rels
[DEBUG] 2024-09-10 19:59:02.865 [main] PackageRelationshipCollection - Parsing relationship: /xl/worksheets/_rels/sheet1.xml.rels
[DEBUG] 2024-09-10 19:59:02.865 [main] PackageRelationshipCollection - Parsing relationship: /_rels/.rels
[DEBUG] 2024-09-10 19:59:02.876 [main] PackageRelationshipCollection - Parsing relationship: /xl/_rels/workbook.xml.rels
[DEBUG] 2024-09-10 19:59:02.876 [main] PackageRelationshipCollection - Parsing relationship: /xl/worksheets/_rels/sheet1.xml.rels
[DEBUG] 2024-09-10 19:59:02.877 [main] PackageRelationshipCollection - Parsing relationship: /_rels/.rels
[DEBUG] 2024-09-10 19:59:02.889 [main] PackageRelationshipCollection - Parsing relationship: /xl/_rels/workbook.xml.rels
[DEBUG] 2024-09-10 19:59:02.890 [main] PackageRelationshipCollection - Parsing relationship: /xl/worksheets/_rels/sheet1.xml.rels
[DEBUG] 2024-09-10 19:59:02.890 [main] PackageRelationshipCollection - Parsing relationship: /_rels/.rels
[DEBUG] 2024-09-10 19:59:02.901 [main] PackageRelationshipCollection - Parsing relationship: /xl/_rels/workbook.xml.rels
[DEBUG] 2024-09-10 19:59:02.902 [main] PackageRelationshipCollection - Parsing relationship: /xl/worksheets/_rels/sheet1.xml.rels
[DEBUG] 2024-09-10 19:59:02.902 [main] PackageRelationshipCollection - Parsing relationship: /_rels/.rels
[DEBUG] 2024-09-10 19:59:02.911 [main] PackageRelationshipCollection - Parsing relationship: /xl/_rels/workbook.xml.rels
[DEBUG] 2024-09-10 19:59:02.912 [main] PackageRelationshipCollection - Parsing relationship: /xl/worksheets/_rels/sheet1.xml.rels
[DEBUG] 2024-09-10 19:59:02.912 [main] PackageRelationshipCollection - Parsing relationship: /_rels/.rels
[DEBUG] 2024-09-10 19:59:02.927 [main] PackageRelationshipCollection - Parsing relationship: /xl/_rels/workbook.xml.rels
[DEBUG] 2024-09-10 19:59:02.927 [main] PackageRelationshipCollection - Parsing relationship: /xl/worksheets/_rels/sheet1.xml.rels
[DEBUG] 2024-09-10 19:59:02.928 [main] PackageRelationshipCollection - Parsing relationship: /_rels/.rels
[DEBUG] 2024-09-10 19:59:02.937 [main] PackageRelationshipCollection - Parsing relationship: /xl/_rels/workbook.xml.rels
[DEBUG] 2024-09-10 19:59:02.938 [main] PackageRelationshipCollection - Parsing relationship: /xl/worksheets/_rels/sheet1.xml.rels
[DEBUG] 2024-09-10 19:59:02.938 [main] PackageRelationshipCollection - Parsing relationship: /_rels/.rels
[DEBUG] 2024-09-10 19:59:02.948 [main] PackageRelationshipCollection - Parsing relationship: /xl/_rels/workbook.xml.rels
[DEBUG] 2024-09-10 19:59:02.948 [main] PackageRelationshipCollection - Parsing relationship: /xl/worksheets/_rels/sheet1.xml.rels
[DEBUG] 2024-09-10 19:59:02.949 [main] PackageRelationshipCollection - Parsing relationship: /_rels/.rels
[DEBUG] 2024-09-10 19:59:02.958 [main] PackageRelationshipCollection - Parsing relationship: /xl/_rels/workbook.xml.rels
[DEBUG] 2024-09-10 19:59:02.958 [main] PackageRelationshipCollection - Parsing relationship: /xl/worksheets/_rels/sheet1.xml.rels
[DEBUG] 2024-09-10 19:59:02.959 [main] PackageRelationshipCollection - Parsing relationship: /_rels/.rels
[DEBUG] 2024-09-10 19:59:02.969 [main] PackageRelationshipCollection - Parsing relationship: /xl/_rels/workbook.xml.rels
[DEBUG] 2024-09-10 19:59:02.970 [main] PackageRelationshipCollection - Parsing relationship: /xl/worksheets/_rels/sheet1.xml.rels
[DEBUG] 2024-09-10 19:59:02.970 [main] PackageRelationshipCollection - Parsing relationship: /_rels/.rels
[DEBUG] 2024-09-10 19:59:02.981 [main] PackageRelationshipCollection - Parsing relationship: /xl/_rels/workbook.xml.rels
[DEBUG] 2024-09-10 19:59:02.982 [main] PackageRelationshipCollection - Parsing relationship: /xl/worksheets/_rels/sheet1.xml.rels
[DEBUG] 2024-09-10 19:59:02.982 [main] PackageRelationshipCollection - Parsing relationship: /_rels/.rels
[DEBUG] 2024-09-10 19:59:02.992 [main] PackageRelationshipCollection - Parsing relationship: /xl/_rels/workbook.xml.rels
[DEBUG] 2024-09-10 19:59:02.993 [main] PackageRelationshipCollection - Parsing relationship: /xl/worksheets/_rels/sheet1.xml.rels
[DEBUG] 2024-09-10 19:59:02.993 [main] PackageRelationshipCollection - Parsing relationship: /_rels/.rels
[DEBUG] 2024-09-10 19:59:03.567 [main] PackageRelationshipCollection - Parsing relationship: /xl/_rels/workbook.xml.rels
[DEBUG] 2024-09-10 19:59:03.568 [main] PackageRelationshipCollection - Parsing relationship: /xl/worksheets/_rels/sheet1.xml.rels
[DEBUG] 2024-09-10 19:59:03.569 [main] PackageRelationshipCollection - Parsing relationship: /_rels/.rels
[DEBUG] 2024-09-10 19:59:03.594 [main] PackageRelationshipCollection - Parsing relationship: /xl/_rels/workbook.xml.rels
[DEBUG] 2024-09-10 19:59:03.596 [main] PackageRelationshipCollection - Parsing relationship: /xl/worksheets/_rels/sheet1.xml.rels
[DEBUG] 2024-09-10 19:59:03.597 [main] PackageRelationshipCollection - Parsing relationship: /_rels/.rels
[DEBUG] 2024-09-10 19:59:03.620 [main] PackageRelationshipCollection - Parsing relationship: /xl/_rels/workbook.xml.rels
[DEBUG] 2024-09-10 19:59:03.621 [main] PackageRelationshipCollection - Parsing relationship: /xl/worksheets/_rels/sheet1.xml.rels
[DEBUG] 2024-09-10 19:59:03.621 [main] PackageRelationshipCollection - Parsing relationship: /_rels/.rels
[DEBUG] 2024-09-10 19:59:03.636 [main] PackageRelationshipCollection - Parsing relationship: /xl/_rels/workbook.xml.rels
[DEBUG] 2024-09-10 19:59:03.637 [main] PackageRelationshipCollection - Parsing relationship: /xl/worksheets/_rels/sheet1.xml.rels
[DEBUG] 2024-09-10 19:59:03.638 [main] PackageRelationshipCollection - Parsing relationship: /_rels/.rels
[DEBUG] 2024-09-10 19:59:03.650 [main] PackageRelationshipCollection - Parsing relationship: /xl/_rels/workbook.xml.rels
[DEBUG] 2024-09-10 19:59:03.652 [main] PackageRelationshipCollection - Parsing relationship: /xl/worksheets/_rels/sheet1.xml.rels
[DEBUG] 2024-09-10 19:59:03.652 [main] PackageRelationshipCollection - Parsing relationship: /_rels/.rels
[DEBUG] 2024-09-10 19:59:03.670 [main] PackageRelationshipCollection - Parsing relationship: /xl/_rels/workbook.xml.rels
[DEBUG] 2024-09-10 19:59:03.670 [main] PackageRelationshipCollection - Parsing relationship: /xl/worksheets/_rels/sheet1.xml.rels
[DEBUG] 2024-09-10 19:59:03.671 [main] PackageRelationshipCollection - Parsing relationship: /_rels/.rels
[DEBUG] 2024-09-10 19:59:03.681 [main] PackageRelationshipCollection - Parsing relationship: /xl/_rels/workbook.xml.rels
[DEBUG] 2024-09-10 19:59:03.682 [main] PackageRelationshipCollection - Parsing relationship: /xl/worksheets/_rels/sheet1.xml.rels
[DEBUG] 2024-09-10 19:59:03.682 [main] PackageRelationshipCollection - Parsing relationship: /_rels/.rels
[DEBUG] 2024-09-10 19:59:03.693 [main] PackageRelationshipCollection - Parsing relationship: /xl/_rels/workbook.xml.rels
[DEBUG] 2024-09-10 19:59:03.693 [main] PackageRelationshipCollection - Parsing relationship: /xl/worksheets/_rels/sheet1.xml.rels
[DEBUG] 2024-09-10 19:59:03.694 [main] PackageRelationshipCollection - Parsing relationship: /_rels/.rels
[DEBUG] 2024-09-10 19:59:03.706 [main] PackageRelationshipCollection - Parsing relationship: /xl/_rels/workbook.xml.rels
[DEBUG] 2024-09-10 19:59:03.707 [main] PackageRelationshipCollection - Parsing relationship: /xl/worksheets/_rels/sheet1.xml.rels
[DEBUG] 2024-09-10 19:59:03.707 [main] PackageRelationshipCollection - Parsing relationship: /_rels/.rels
[DEBUG] 2024-09-10 19:59:03.720 [main] PackageRelationshipCollection - Parsing relationship: /xl/_rels/workbook.xml.rels
[DEBUG] 2024-09-10 19:59:03.721 [main] PackageRelationshipCollection - Parsing relationship: /xl/worksheets/_rels/sheet1.xml.rels
[DEBUG] 2024-09-10 19:59:03.721 [main] PackageRelationshipCollection - Parsing relationship: /_rels/.rels
[DEBUG] 2024-09-10 19:59:03.734 [main] PackageRelationshipCollection - Parsing relationship: /xl/_rels/workbook.xml.rels
[DEBUG] 2024-09-10 19:59:03.735 [main] PackageRelationshipCollection - Parsing relationship: /xl/worksheets/_rels/sheet1.xml.rels
[DEBUG] 2024-09-10 19:59:03.736 [main] PackageRelationshipCollection - Parsing relationship: /_rels/.rels
[DEBUG] 2024-09-10 19:59:03.749 [main] PackageRelationshipCollection - Parsing relationship: /xl/_rels/workbook.xml.rels
[DEBUG] 2024-09-10 19:59:03.750 [main] PackageRelationshipCollection - Parsing relationship: /xl/worksheets/_rels/sheet1.xml.rels
[DEBUG] 2024-09-10 19:59:03.751 [main] PackageRelationshipCollection - Parsing relationship: /_rels/.rels
[DEBUG] 2024-09-10 19:59:03.764 [main] PackageRelationshipCollection - Parsing relationship: /xl/_rels/workbook.xml.rels
[DEBUG] 2024-09-10 19:59:03.765 [main] PackageRelationshipCollection - Parsing relationship: /xl/worksheets/_rels/sheet1.xml.rels
[DEBUG] 2024-09-10 19:59:03.765 [main] PackageRelationshipCollection - Parsing relationship: /_rels/.rels
[DEBUG] 2024-09-10 19:59:03.774 [main] PackageRelationshipCollection - Parsing relationship: /xl/_rels/workbook.xml.rels
[DEBUG] 2024-09-10 19:59:03.774 [main] PackageRelationshipCollection - Parsing relationship: /xl/worksheets/_rels/sheet1.xml.rels
[DEBUG] 2024-09-10 19:59:03.775 [main] PackageRelationshipCollection - Parsing relationship: /_rels/.rels
[DEBUG] 2024-09-10 19:59:03.783 [main] PackageRelationshipCollection - Parsing relationship: /xl/_rels/workbook.xml.rels
[DEBUG] 2024-09-10 19:59:03.783 [main] PackageRelationshipCollection - Parsing relationship: /xl/worksheets/_rels/sheet1.xml.rels
[DEBUG] 2024-09-10 19:59:03.784 [main] PackageRelationshipCollection - Parsing relationship: /_rels/.rels
[DEBUG] 2024-09-10 19:59:03.794 [main] PackageRelationshipCollection - Parsing relationship: /xl/_rels/workbook.xml.rels
[DEBUG] 2024-09-10 19:59:03.796 [main] PackageRelationshipCollection - Parsing relationship: /xl/worksheets/_rels/sheet1.xml.rels
[DEBUG] 2024-09-10 19:59:03.796 [main] PackageRelationshipCollection - Parsing relationship: /_rels/.rels
[DEBUG] 2024-09-10 19:59:03.807 [main] PackageRelationshipCollection - Parsing relationship: /xl/_rels/workbook.xml.rels
[DEBUG] 2024-09-10 19:59:03.807 [main] PackageRelationshipCollection - Parsing relationship: /xl/worksheets/_rels/sheet1.xml.rels
[DEBUG] 2024-09-10 19:59:03.807 [main] PackageRelationshipCollection - Parsing relationship: /_rels/.rels
[DEBUG] 2024-09-10 19:59:03.816 [main] PackageRelationshipCollection - Parsing relationship: /xl/_rels/workbook.xml.rels
[DEBUG] 2024-09-10 19:59:03.816 [main] PackageRelationshipCollection - Parsing relationship: /xl/worksheets/_rels/sheet1.xml.rels
[DEBUG] 2024-09-10 19:59:03.816 [main] PackageRelationshipCollection - Parsing relationship: /_rels/.rels
[DEBUG] 2024-09-10 19:59:03.824 [main] PackageRelationshipCollection - Parsing relationship: /xl/_rels/workbook.xml.rels
[DEBUG] 2024-09-10 19:59:03.824 [main] PackageRelationshipCollection - Parsing relationship: /xl/worksheets/_rels/sheet1.xml.rels
[DEBUG] 2024-09-10 19:59:03.825 [main] PackageRelationshipCollection - Parsing relationship: /_rels/.rels
[DEBUG] 2024-09-10 19:59:03.834 [main] PackageRelationshipCollection - Parsing relationship: /xl/_rels/workbook.xml.rels
[DEBUG] 2024-09-10 19:59:03.835 [main] PackageRelationshipCollection - Parsing relationship: /xl/worksheets/_rels/sheet1.xml.rels
[DEBUG] 2024-09-10 19:59:03.835 [main] PackageRelationshipCollection - Parsing relationship: /_rels/.rels
[DEBUG] 2024-09-10 19:59:03.843 [main] PackageRelationshipCollection - Parsing relationship: /xl/_rels/workbook.xml.rels
[DEBUG] 2024-09-10 19:59:03.843 [main] PackageRelationshipCollection - Parsing relationship: /xl/worksheets/_rels/sheet1.xml.rels
[DEBUG] 2024-09-10 19:59:03.844 [main] PackageRelationshipCollection - Parsing relationship: /_rels/.rels
[DEBUG] 2024-09-10 19:59:03.852 [main] PackageRelationshipCollection - Parsing relationship: /xl/_rels/workbook.xml.rels
[DEBUG] 2024-09-10 19:59:03.852 [main] PackageRelationshipCollection - Parsing relationship: /xl/worksheets/_rels/sheet1.xml.rels
[DEBUG] 2024-09-10 19:59:03.852 [main] PackageRelationshipCollection - Parsing relationship: /_rels/.rels
[DEBUG] 2024-09-10 19:59:03.861 [main] PackageRelationshipCollection - Parsing relationship: /xl/_rels/workbook.xml.rels
[DEBUG] 2024-09-10 19:59:03.863 [main] PackageRelationshipCollection - Parsing relationship: /xl/worksheets/_rels/sheet1.xml.rels
[DEBUG] 2024-09-10 19:59:03.863 [main] PackageRelationshipCollection - Parsing relationship: /_rels/.rels
[DEBUG] 2024-09-10 19:59:03.875 [main] PackageRelationshipCollection - Parsing relationship: /xl/_rels/workbook.xml.rels
[DEBUG] 2024-09-10 19:59:03.876 [main] PackageRelationshipCollection - Parsing relationship: /xl/worksheets/_rels/sheet1.xml.rels
[DEBUG] 2024-09-10 19:59:03.876 [main] PackageRelationshipCollection - Parsing relationship: /_rels/.rels
[DEBUG] 2024-09-10 19:59:03.889 [main] PackageRelationshipCollection - Parsing relationship: /xl/_rels/workbook.xml.rels
[DEBUG] 2024-09-10 19:59:03.890 [main] PackageRelationshipCollection - Parsing relationship: /xl/worksheets/_rels/sheet1.xml.rels
[DEBUG] 2024-09-10 19:59:03.890 [main] PackageRelationshipCollection - Parsing relationship: /_rels/.rels
[DEBUG] 2024-09-10 19:59:03.901 [main] PackageRelationshipCollection - Parsing relationship: /xl/_rels/workbook.xml.rels
[DEBUG] 2024-09-10 19:59:03.903 [main] PackageRelationshipCollection - Parsing relationship: /xl/worksheets/_rels/sheet1.xml.rels
[DEBUG] 2024-09-10 19:59:03.903 [main] PackageRelationshipCollection - Parsing relationship: /_rels/.rels
[DEBUG] 2024-09-10 19:59:03.915 [main] PackageRelationshipCollection - Parsing relationship: /xl/_rels/workbook.xml.rels
[DEBUG] 2024-09-10 19:59:03.916 [main] PackageRelationshipCollection - Parsing relationship: /xl/worksheets/_rels/sheet1.xml.rels
[DEBUG] 2024-09-10 19:59:03.916 [main] PackageRelationshipCollection - Parsing relationship: /_rels/.rels
[DEBUG] 2024-09-10 19:59:03.933 [main] PackageRelationshipCollection - Parsing relationship: /xl/_rels/workbook.xml.rels
[DEBUG] 2024-09-10 19:59:03.933 [main] PackageRelationshipCollection - Parsing relationship: /xl/worksheets/_rels/sheet1.xml.rels
[DEBUG] 2024-09-10 19:59:03.933 [main] PackageRelationshipCollection - Parsing relationship: /_rels/.rels
[DEBUG] 2024-09-10 19:59:03.942 [main] PackageRelationshipCollection - Parsing relationship: /xl/_rels/workbook.xml.rels
[DEBUG] 2024-09-10 19:59:03.942 [main] PackageRelationshipCollection - Parsing relationship: /xl/worksheets/_rels/sheet1.xml.rels
[DEBUG] 2024-09-10 19:59:03.942 [main] PackageRelationshipCollection - Parsing relationship: /_rels/.rels
[DEBUG] 2024-09-10 19:59:03.951 [main] PackageRelationshipCollection - Parsing relationship: /xl/_rels/workbook.xml.rels
[DEBUG] 2024-09-10 19:59:03.951 [main] PackageRelationshipCollection - Parsing relationship: /xl/worksheets/_rels/sheet1.xml.rels
[DEBUG] 2024-09-10 19:59:03.952 [main] PackageRelationshipCollection - Parsing relationship: /_rels/.rels
[DEBUG] 2024-09-10 19:59:03.957 [main] PackageRelationshipCollection - Parsing relationship: /xl/_rels/workbook.xml.rels
[DEBUG] 2024-09-10 19:59:03.958 [main] PackageRelationshipCollection - Parsing relationship: /xl/worksheets/_rels/sheet1.xml.rels
[DEBUG] 2024-09-10 19:59:03.958 [main] PackageRelationshipCollection - Parsing relationship: /_rels/.rels
[DEBUG] 2024-09-10 19:59:03.966 [main] PackageRelationshipCollection - Parsing relationship: /xl/_rels/workbook.xml.rels
[DEBUG] 2024-09-10 19:59:03.966 [main] PackageRelationshipCollection - Parsing relationship: /xl/worksheets/_rels/sheet1.xml.rels
[DEBUG] 2024-09-10 19:59:03.967 [main] PackageRelationshipCollection - Parsing relationship: /_rels/.rels
[DEBUG] 2024-09-10 19:59:03.975 [main] PackageRelationshipCollection - Parsing relationship: /xl/_rels/workbook.xml.rels
[DEBUG] 2024-09-10 19:59:03.976 [main] PackageRelationshipCollection - Parsing relationship: /xl/worksheets/_rels/sheet1.xml.rels
[DEBUG] 2024-09-10 19:59:03.976 [main] PackageRelationshipCollection - Parsing relationship: /_rels/.rels
[DEBUG] 2024-09-10 19:59:03.986 [main] PackageRelationshipCollection - Parsing relationship: /xl/_rels/workbook.xml.rels
[DEBUG] 2024-09-10 19:59:03.987 [main] PackageRelationshipCollection - Parsing relationship: /xl/worksheets/_rels/sheet1.xml.rels
[DEBUG] 2024-09-10 19:59:03.987 [main] PackageRelationshipCollection - Parsing relationship: /_rels/.rels
[DEBUG] 2024-09-10 19:59:03.996 [main] PackageRelationshipCollection - Parsing relationship: /xl/_rels/workbook.xml.rels
[DEBUG] 2024-09-10 19:59:03.997 [main] PackageRelationshipCollection - Parsing relationship: /xl/worksheets/_rels/sheet1.xml.rels
[DEBUG] 2024-09-10 19:59:03.997 [main] PackageRelationshipCollection - Parsing relationship: /_rels/.rels
[DEBUG] 2024-09-10 19:59:04.004 [main] PackageRelationshipCollection - Parsing relationship: /xl/_rels/workbook.xml.rels
[DEBUG] 2024-09-10 19:59:04.005 [main] PackageRelationshipCollection - Parsing relationship: /xl/worksheets/_rels/sheet1.xml.rels
[DEBUG] 2024-09-10 19:59:04.005 [main] PackageRelationshipCollection - Parsing relationship: /_rels/.rels
[DEBUG] 2024-09-10 19:59:04.013 [main] PackageRelationshipCollection - Parsing relationship: /xl/_rels/workbook.xml.rels
[DEBUG] 2024-09-10 19:59:04.014 [main] PackageRelationshipCollection - Parsing relationship: /xl/worksheets/_rels/sheet1.xml.rels
[DEBUG] 2024-09-10 19:59:04.014 [main] PackageRelationshipCollection - Parsing relationship: /_rels/.rels
[DEBUG] 2024-09-10 19:59:04.021 [main] PackageRelationshipCollection - Parsing relationship: /xl/_rels/workbook.xml.rels
[DEBUG] 2024-09-10 19:59:04.022 [main] PackageRelationshipCollection - Parsing relationship: /xl/worksheets/_rels/sheet1.xml.rels
[DEBUG] 2024-09-10 19:59:04.022 [main] PackageRelationshipCollection - Parsing relationship: /_rels/.rels
[DEBUG] 2024-09-10 19:59:04.030 [main] PackageRelationshipCollection - Parsing relationship: /xl/_rels/workbook.xml.rels
[DEBUG] 2024-09-10 19:59:04.032 [main] PackageRelationshipCollection - Parsing relationship: /xl/worksheets/_rels/sheet1.xml.rels
[DEBUG] 2024-09-10 19:59:04.032 [main] PackageRelationshipCollection - Parsing relationship: /_rels/.rels
[INFO ] 2024-09-10 20:02:29.175 [main] UserTest - Preparing test data using faker
[INFO ] 2024-09-10 20:02:29.363 [main] UserTest - Inside create user test
[INFO ] 2024-09-10 20:02:33.305 [main] UserTest - Inside get user
[INFO ] 2024-09-10 20:02:36.062 [main] UserTest - Inside get user
[INFO ] 2024-09-10 20:08:25.646 [main] UserTest - Preparing test data using faker
[DEBUG] 2024-09-10 20:08:26.004 [main] PackageRelationshipCollection - Parsing relationship: /xl/_rels/workbook.xml.rels
[DEBUG] 2024-09-10 20:08:26.009 [main] PackageRelationshipCollection - Parsing relationship: /xl/worksheets/_rels/sheet1.xml.rels
[DEBUG] 2024-09-10 20:08:26.010 [main] PackageRelationshipCollection - Parsing relationship: /_rels/.rels
[DEBUG] 2024-09-10 20:08:26.555 [main] PackageRelationshipCollection - Parsing relationship: /xl/_rels/workbook.xml.rels
[DEBUG] 2024-09-10 20:08:26.556 [main] PackageRelationshipCollection - Parsing relationship: /xl/worksheets/_rels/sheet1.xml.rels
[DEBUG] 2024-09-10 20:08:26.556 [main] PackageRelationshipCollection - Parsing relationship: /_rels/.rels
[DEBUG] 2024-09-10 20:08:26.583 [main] PackageRelationshipCollection - Parsing relationship: /xl/_rels/workbook.xml.rels
[DEBUG] 2024-09-10 20:08:26.584 [main] PackageRelationshipCollection - Parsing relationship: /xl/worksheets/_rels/sheet1.xml.rels
[DEBUG] 2024-09-10 20:08:26.584 [main] PackageRelationshipCollection - Parsing relationship: /_rels/.rels
[DEBUG] 2024-09-10 20:08:26.623 [main] PackageRelationshipCollection - Parsing relationship: /xl/_rels/workbook.xml.rels
[DEBUG] 2024-09-10 20:08:26.624 [main] PackageRelationshipCollection - Parsing relationship: /xl/worksheets/_rels/sheet1.xml.rels
[DEBUG] 2024-09-10 20:08:26.625 [main] PackageRelationshipCollection - Parsing relationship: /_rels/.rels
[DEBUG] 2024-09-10 20:08:26.645 [main] PackageRelationshipCollection - Parsing relationship: /xl/_rels/workbook.xml.rels
[DEBUG] 2024-09-10 20:08:26.646 [main] PackageRelationshipCollection - Parsing relationship: /xl/worksheets/_rels/sheet1.xml.rels
[DEBUG] 2024-09-10 20:08:26.647 [main] PackageRelationshipCollection - Parsing relationship: /_rels/.rels
[DEBUG] 2024-09-10 20:08:26.679 [main] PackageRelationshipCollection - Parsing relationship: /xl/_rels/workbook.xml.rels
[DEBUG] 2024-09-10 20:08:26.680 [main] PackageRelationshipCollection - Parsing relationship: /xl/worksheets/_rels/sheet1.xml.rels
[DEBUG] 2024-09-10 20:08:26.681 [main] PackageRelationshipCollection - Parsing relationship: /_rels/.rels
[DEBUG] 2024-09-10 20:08:26.697 [main] PackageRelationshipCollection - Parsing relationship: /xl/_rels/workbook.xml.rels
[DEBUG] 2024-09-10 20:08:26.697 [main] PackageRelationshipCollection - Parsing relationship: /xl/worksheets/_rels/sheet1.xml.rels
[DEBUG] 2024-09-10 20:08:26.698 [main] PackageRelationshipCollection - Parsing relationship: /_rels/.rels
[DEBUG] 2024-09-10 20:08:26.717 [main] PackageRelationshipCollection - Parsing relationship: /xl/_rels/workbook.xml.rels
[DEBUG] 2024-09-10 20:08:26.718 [main] PackageRelationshipCollection - Parsing relationship: /xl/worksheets/_rels/sheet1.xml.rels
[DEBUG] 2024-09-10 20:08:26.718 [main] PackageRelationshipCollection - Parsing relationship: /_rels/.rels
[DEBUG] 2024-09-10 20:08:26.739 [main] PackageRelationshipCollection - Parsing relationship: /xl/_rels/workbook.xml.rels
[DEBUG] 2024-09-10 20:08:26.740 [main] PackageRelationshipCollection - Parsing relationship: /xl/worksheets/_rels/sheet1.xml.rels
[DEBUG] 2024-09-10 20:08:26.740 [main] PackageRelationshipCollection - Parsing relationship: /_rels/.rels
[DEBUG] 2024-09-10 20:08:26.755 [main] PackageRelationshipCollection - Parsing relationship: /xl/_rels/workbook.xml.rels
[DEBUG] 2024-09-10 20:08:26.756 [main] PackageRelationshipCollection - Parsing relationship: /xl/worksheets/_rels/sheet1.xml.rels
[DEBUG] 2024-09-10 20:08:26.757 [main] PackageRelationshipCollection - Parsing relationship: /_rels/.rels
[DEBUG] 2024-09-10 20:08:26.773 [main] PackageRelationshipCollection - Parsing relationship: /xl/_rels/workbook.xml.rels
[DEBUG] 2024-09-10 20:08:26.774 [main] PackageRelationshipCollection - Parsing relationship: /xl/worksheets/_rels/sheet1.xml.rels
[DEBUG] 2024-09-10 20:08:26.775 [main] PackageRelationshipCollection - Parsing relationship: /_rels/.rels
[DEBUG] 2024-09-10 20:08:26.793 [main] PackageRelationshipCollection - Parsing relationship: /xl/_rels/workbook.xml.rels
[DEBUG] 2024-09-10 20:08:26.795 [main] PackageRelationshipCollection - Parsing relationship: /xl/worksheets/_rels/sheet1.xml.rels
[DEBUG] 2024-09-10 20:08:26.795 [main] PackageRelationshipCollection - Parsing relationship: /_rels/.rels
[DEBUG] 2024-09-10 20:08:26.812 [main] PackageRelationshipCollection - Parsing relationship: /xl/_rels/workbook.xml.rels
[DEBUG] 2024-09-10 20:08:26.813 [main] PackageRelationshipCollection - Parsing relationship: /xl/worksheets/_rels/sheet1.xml.rels
[DEBUG] 2024-09-10 20:08:26.814 [main] PackageRelationshipCollection - Parsing relationship: /_rels/.rels
[DEBUG] 2024-09-10 20:08:26.829 [main] PackageRelationshipCollection - Parsing relationship: /xl/_rels/workbook.xml.rels
[DEBUG] 2024-09-10 20:08:26.830 [main] PackageRelationshipCollection - Parsing relationship: /xl/worksheets/_rels/sheet1.xml.rels
[DEBUG] 2024-09-10 20:08:26.830 [main] PackageRelationshipCollection - Parsing relationship: /_rels/.rels
[DEBUG] 2024-09-10 20:08:26.845 [main] PackageRelationshipCollection - Parsing relationship: /xl/_rels/workbook.xml.rels
[DEBUG] 2024-09-10 20:08:26.845 [main] PackageRelationshipCollection - Parsing relationship: /xl/worksheets/_rels/sheet1.xml.rels
[DEBUG] 2024-09-10 20:08:26.846 [main] PackageRelationshipCollection - Parsing relationship: /_rels/.rels
[DEBUG] 2024-09-10 20:08:26.861 [main] PackageRelationshipCollection - Parsing relationship: /xl/_rels/workbook.xml.rels
[DEBUG] 2024-09-10 20:08:26.861 [main] PackageRelationshipCollection - Parsing relationship: /xl/worksheets/_rels/sheet1.xml.rels
[DEBUG] 2024-09-10 20:08:26.862 [main] PackageRelationshipCollection - Parsing relationship: /_rels/.rels
[DEBUG] 2024-09-10 20:08:26.879 [main] PackageRelationshipCollection - Parsing relationship: /xl/_rels/workbook.xml.rels
[DEBUG] 2024-09-10 20:08:26.880 [main] PackageRelationshipCollection - Parsing relationship: /xl/worksheets/_rels/sheet1.xml.rels
[DEBUG] 2024-09-10 20:08:26.880 [main] PackageRelationshipCollection - Parsing relationship: /_rels/.rels
[DEBUG] 2024-09-10 20:08:26.895 [main] PackageRelationshipCollection - Parsing relationship: /xl/_rels/workbook.xml.rels
[DEBUG] 2024-09-10 20:08:26.895 [main] PackageRelationshipCollection - Parsing relationship: /xl/worksheets/_rels/sheet1.xml.rels
[DEBUG] 2024-09-10 20:08:26.896 [main] PackageRelationshipCollection - Parsing relationship: /_rels/.rels
[DEBUG] 2024-09-10 20:08:26.910 [main] PackageRelationshipCollection - Parsing relationship: /xl/_rels/workbook.xml.rels
[DEBUG] 2024-09-10 20:08:26.910 [main] PackageRelationshipCollection - Parsing relationship: /xl/worksheets/_rels/sheet1.xml.rels
[DEBUG] 2024-09-10 20:08:26.911 [main] PackageRelationshipCollection - Parsing relationship: /_rels/.rels
[DEBUG] 2024-09-10 20:08:26.924 [main] PackageRelationshipCollection - Parsing relationship: /xl/_rels/workbook.xml.rels
[DEBUG] 2024-09-10 20:08:26.924 [main] PackageRelationshipCollection - Parsing relationship: /xl/worksheets/_rels/sheet1.xml.rels
[DEBUG] 2024-09-10 20:08:26.925 [main] PackageRelationshipCollection - Parsing relationship: /_rels/.rels
[DEBUG] 2024-09-10 20:08:26.939 [main] PackageRelationshipCollection - Parsing relationship: /xl/_rels/workbook.xml.rels
[DEBUG] 2024-09-10 20:08:26.940 [main] PackageRelationshipCollection - Parsing relationship: /xl/worksheets/_rels/sheet1.xml.rels
[DEBUG] 2024-09-10 20:08:26.940 [main] PackageRelationshipCollection - Parsing relationship: /_rels/.rels
[DEBUG] 2024-09-10 20:08:26.956 [main] PackageRelationshipCollection - Parsing relationship: /xl/_rels/workbook.xml.rels
[DEBUG] 2024-09-10 20:08:26.957 [main] PackageRelationshipCollection - Parsing relationship: /xl/worksheets/_rels/sheet1.xml.rels
[DEBUG] 2024-09-10 20:08:26.958 [main] PackageRelationshipCollection - Parsing relationship: /_rels/.rels
[DEBUG] 2024-09-10 20:08:26.972 [main] PackageRelationshipCollection - Parsing relationship: /xl/_rels/workbook.xml.rels
[DEBUG] 2024-09-10 20:08:26.973 [main] PackageRelationshipCollection - Parsing relationship: /xl/worksheets/_rels/sheet1.xml.rels
[DEBUG] 2024-09-10 20:08:26.973 [main] PackageRelationshipCollection - Parsing relationship: /_rels/.rels
[INFO ] 2024-09-10 20:08:26.998 [main] UserTest - Inside create user test
[INFO ] 2024-09-10 20:08:30.606 [main] UserTest - Inside get user
[INFO ] 2024-09-10 20:08:33.299 [main] UserTest - Inside get user
[INFO ] 2024-09-10 20:08:39.382 [main] UserTest - Inside create user test
[INFO ] 2024-09-10 20:08:40.759 [main] UserTest - Inside get user
[INFO ] 2024-09-10 20:08:43.421 [main] UserTest - Inside get user
[INFO ] 2024-09-10 20:08:50.327 [main] UserTest - Inside create user test
[INFO ] 2024-09-10 20:08:52.120 [main] UserTest - Inside get user
[INFO ] 2024-09-10 20:08:54.818 [main] UserTest - Inside get user
[INFO ] 2024-09-11 15:48:54.214 [main] UserTest - Preparing test data using faker
[DEBUG] 2024-09-11 15:48:54.572 [main] PackageRelationshipCollection - Parsing relationship: /xl/_rels/workbook.xml.rels
[DEBUG] 2024-09-11 15:48:54.574 [main] PackageRelationshipCollection - Parsing relationship: /xl/worksheets/_rels/sheet1.xml.rels
[DEBUG] 2024-09-11 15:48:54.575 [main] PackageRelationshipCollection - Parsing relationship: /_rels/.rels
[DEBUG] 2024-09-11 15:48:55.069 [main] PackageRelationshipCollection - Parsing relationship: /xl/_rels/workbook.xml.rels
[DEBUG] 2024-09-11 15:48:55.070 [main] PackageRelationshipCollection - Parsing relationship: /xl/worksheets/_rels/sheet1.xml.rels
[DEBUG] 2024-09-11 15:48:55.071 [main] PackageRelationshipCollection - Parsing relationship: /_rels/.rels
[DEBUG] 2024-09-11 15:48:55.102 [main] PackageRelationshipCollection - Parsing relationship: /xl/_rels/workbook.xml.rels
[DEBUG] 2024-09-11 15:48:55.103 [main] PackageRelationshipCollection - Parsing relationship: /xl/worksheets/_rels/sheet1.xml.rels
[DEBUG] 2024-09-11 15:48:55.104 [main] PackageRelationshipCollection - Parsing relationship: /_rels/.rels
[DEBUG] 2024-09-11 15:48:55.149 [main] PackageRelationshipCollection - Parsing relationship: /xl/_rels/workbook.xml.rels
[DEBUG] 2024-09-11 15:48:55.150 [main] PackageRelationshipCollection - Parsing relationship: /xl/worksheets/_rels/sheet1.xml.rels
[DEBUG] 2024-09-11 15:48:55.151 [main] PackageRelationshipCollection - Parsing relationship: /_rels/.rels
[DEBUG] 2024-09-11 15:48:55.178 [main] PackageRelationshipCollection - Parsing relationship: /xl/_rels/workbook.xml.rels
[DEBUG] 2024-09-11 15:48:55.179 [main] PackageRelationshipCollection - Parsing relationship: /xl/worksheets/_rels/sheet1.xml.rels
[DEBUG] 2024-09-11 15:48:55.180 [main] PackageRelationshipCollection - Parsing relationship: /_rels/.rels
[DEBUG] 2024-09-11 15:48:55.203 [main] PackageRelationshipCollection - Parsing relationship: /xl/_rels/workbook.xml.rels
[DEBUG] 2024-09-11 15:48:55.205 [main] PackageRelationshipCollection - Parsing relationship: /xl/worksheets/_rels/sheet1.xml.rels
[DEBUG] 2024-09-11 15:48:55.205 [main] PackageRelationshipCollection - Parsing relationship: /_rels/.rels
[DEBUG] 2024-09-11 15:48:55.225 [main] PackageRelationshipCollection - Parsing relationship: /xl/_rels/workbook.xml.rels
[DEBUG] 2024-09-11 15:48:55.226 [main] PackageRelationshipCollection - Parsing relationship: /xl/worksheets/_rels/sheet1.xml.rels
[DEBUG] 2024-09-11 15:48:55.228 [main] PackageRelationshipCollection - Parsing relationship: /_rels/.rels
[DEBUG] 2024-09-11 15:48:55.248 [main] PackageRelationshipCollection - Parsing relationship: /xl/_rels/workbook.xml.rels
[DEBUG] 2024-09-11 15:48:55.249 [main] PackageRelationshipCollection - Parsing relationship: /xl/worksheets/_rels/sheet1.xml.rels
[DEBUG] 2024-09-11 15:48:55.251 [main] PackageRelationshipCollection - Parsing relationship: /_rels/.rels
[DEBUG] 2024-09-11 15:48:55.272 [main] PackageRelationshipCollection - Parsing relationship: /xl/_rels/workbook.xml.rels
[DEBUG] 2024-09-11 15:48:55.272 [main] PackageRelationshipCollection - Parsing relationship: /xl/worksheets/_rels/sheet1.xml.rels
[DEBUG] 2024-09-11 15:48:55.273 [main] PackageRelationshipCollection - Parsing relationship: /_rels/.rels
[DEBUG] 2024-09-11 15:48:55.313 [main] PackageRelationshipCollection - Parsing relationship: /xl/_rels/workbook.xml.rels
[DEBUG] 2024-09-11 15:48:55.314 [main] PackageRelationshipCollection - Parsing relationship: /xl/worksheets/_rels/sheet1.xml.rels
[DEBUG] 2024-09-11 15:48:55.315 [main] PackageRelationshipCollection - Parsing relationship: /_rels/.rels
[DEBUG] 2024-09-11 15:48:55.333 [main] PackageRelationshipCollection - Parsing relationship: /xl/_rels/workbook.xml.rels
[DEBUG] 2024-09-11 15:48:55.334 [main] PackageRelationshipCollection - Parsing relationship: /xl/worksheets/_rels/sheet1.xml.rels
[DEBUG] 2024-09-11 15:48:55.335 [main] PackageRelationshipCollection - Parsing relationship: /_rels/.rels
[DEBUG] 2024-09-11 15:48:55.352 [main] PackageRelationshipCollection - Parsing relationship: /xl/_rels/workbook.xml.rels
[DEBUG] 2024-09-11 15:48:55.352 [main] PackageRelationshipCollection - Parsing relationship: /xl/worksheets/_rels/sheet1.xml.rels
[DEBUG] 2024-09-11 15:48:55.352 [main] PackageRelationshipCollection - Parsing relationship: /_rels/.rels
[DEBUG] 2024-09-11 15:48:55.367 [main] PackageRelationshipCollection - Parsing relationship: /xl/_rels/workbook.xml.rels
[DEBUG] 2024-09-11 15:48:55.368 [main] PackageRelationshipCollection - Parsing relationship: /xl/worksheets/_rels/sheet1.xml.rels
[DEBUG] 2024-09-11 15:48:55.368 [main] PackageRelationshipCollection - Parsing relationship: /_rels/.rels
[DEBUG] 2024-09-11 15:48:55.385 [main] PackageRelationshipCollection - Parsing relationship: /xl/_rels/workbook.xml.rels
[DEBUG] 2024-09-11 15:48:55.386 [main] PackageRelationshipCollection - Parsing relationship: /xl/worksheets/_rels/sheet1.xml.rels
[DEBUG] 2024-09-11 15:48:55.386 [main] PackageRelationshipCollection - Parsing relationship: /_rels/.rels
[DEBUG] 2024-09-11 15:48:55.402 [main] PackageRelationshipCollection - Parsing relationship: /xl/_rels/workbook.xml.rels
[DEBUG] 2024-09-11 15:48:55.402 [main] PackageRelationshipCollection - Parsing relationship: /xl/worksheets/_rels/sheet1.xml.rels
[DEBUG] 2024-09-11 15:48:55.403 [main] PackageRelationshipCollection - Parsing relationship: /_rels/.rels
[DEBUG] 2024-09-11 15:48:55.418 [main] PackageRelationshipCollection - Parsing relationship: /xl/_rels/workbook.xml.rels
[DEBUG] 2024-09-11 15:48:55.418 [main] PackageRelationshipCollection - Parsing relationship: /xl/worksheets/_rels/sheet1.xml.rels
[DEBUG] 2024-09-11 15:48:55.418 [main] PackageRelationshipCollection - Parsing relationship: /_rels/.rels
[DEBUG] 2024-09-11 15:48:55.437 [main] PackageRelationshipCollection - Parsing relationship: /xl/_rels/workbook.xml.rels
[DEBUG] 2024-09-11 15:48:55.438 [main] PackageRelationshipCollection - Parsing relationship: /xl/worksheets/_rels/sheet1.xml.rels
[DEBUG] 2024-09-11 15:48:55.439 [main] PackageRelationshipCollection - Parsing relationship: /_rels/.rels
[DEBUG] 2024-09-11 15:48:55.461 [main] PackageRelationshipCollection - Parsing relationship: /xl/_rels/workbook.xml.rels
[DEBUG] 2024-09-11 15:48:55.462 [main] PackageRelationshipCollection - Parsing relationship: /xl/worksheets/_rels/sheet1.xml.rels
[DEBUG] 2024-09-11 15:48:55.462 [main] PackageRelationshipCollection - Parsing relationship: /_rels/.rels
[DEBUG] 2024-09-11 15:48:55.480 [main] PackageRelationshipCollection - Parsing relationship: /xl/_rels/workbook.xml.rels
[DEBUG] 2024-09-11 15:48:55.481 [main] PackageRelationshipCollection - Parsing relationship: /xl/worksheets/_rels/sheet1.xml.rels
[DEBUG] 2024-09-11 15:48:55.482 [main] PackageRelationshipCollection - Parsing relationship: /_rels/.rels
[DEBUG] 2024-09-11 15:48:55.494 [main] PackageRelationshipCollection - Parsing relationship: /xl/_rels/workbook.xml.rels
[DEBUG] 2024-09-11 15:48:55.494 [main] PackageRelationshipCollection - Parsing relationship: /xl/worksheets/_rels/sheet1.xml.rels
[DEBUG] 2024-09-11 15:48:55.495 [main] PackageRelationshipCollection - Parsing relationship: /_rels/.rels
[DEBUG] 2024-09-11 15:48:55.509 [main] PackageRelationshipCollection - Parsing relationship: /xl/_rels/workbook.xml.rels
[DEBUG] 2024-09-11 15:48:55.509 [main] PackageRelationshipCollection - Parsing relationship: /xl/worksheets/_rels/sheet1.xml.rels
[DEBUG] 2024-09-11 15:48:55.510 [main] PackageRelationshipCollection - Parsing relationship: /_rels/.rels
[DEBUG] 2024-09-11 15:48:55.522 [main] PackageRelationshipCollection - Parsing relationship: /xl/_rels/workbook.xml.rels
[DEBUG] 2024-09-11 15:48:55.523 [main] PackageRelationshipCollection - Parsing relationship: /xl/worksheets/_rels/sheet1.xml.rels
[DEBUG] 2024-09-11 15:48:55.523 [main] PackageRelationshipCollection - Parsing relationship: /_rels/.rels
[DEBUG] 2024-09-11 15:48:55.537 [main] PackageRelationshipCollection - Parsing relationship: /xl/_rels/workbook.xml.rels
[DEBUG] 2024-09-11 15:48:55.538 [main] PackageRelationshipCollection - Parsing relationship: /xl/worksheets/_rels/sheet1.xml.rels
[DEBUG] 2024-09-11 15:48:55.538 [main] PackageRelationshipCollection - Parsing relationship: /_rels/.rels
[INFO ] 2024-09-11 15:56:06.133 [main] UserTest - Preparing test data using faker
[DEBUG] 2024-09-11 15:56:06.674 [main] PackageRelationshipCollection - Parsing relationship: /xl/_rels/workbook.xml.rels
[DEBUG] 2024-09-11 15:56:06.678 [main] PackageRelationshipCollection - Parsing relationship: /xl/worksheets/_rels/sheet1.xml.rels
[DEBUG] 2024-09-11 15:56:06.679 [main] PackageRelationshipCollection - Parsing relationship: /_rels/.rels
[DEBUG] 2024-09-11 15:56:07.121 [main] PackageRelationshipCollection - Parsing relationship: /xl/_rels/workbook.xml.rels
[DEBUG] 2024-09-11 15:56:07.122 [main] PackageRelationshipCollection - Parsing relationship: /xl/worksheets/_rels/sheet1.xml.rels
[DEBUG] 2024-09-11 15:56:07.122 [main] PackageRelationshipCollection - Parsing relationship: /_rels/.rels
[DEBUG] 2024-09-11 15:56:07.155 [main] PackageRelationshipCollection - Parsing relationship: /xl/_rels/workbook.xml.rels
[DEBUG] 2024-09-11 15:56:07.156 [main] PackageRelationshipCollection - Parsing relationship: /xl/worksheets/_rels/sheet1.xml.rels
[DEBUG] 2024-09-11 15:56:07.158 [main] PackageRelationshipCollection - Parsing relationship: /_rels/.rels
[DEBUG] 2024-09-11 15:56:07.237 [main] PackageRelationshipCollection - Parsing relationship: /xl/_rels/workbook.xml.rels
[DEBUG] 2024-09-11 15:56:07.239 [main] PackageRelationshipCollection - Parsing relationship: /xl/worksheets/_rels/sheet1.xml.rels
[DEBUG] 2024-09-11 15:56:07.243 [main] PackageRelationshipCollection - Parsing relationship: /_rels/.rels
[DEBUG] 2024-09-11 15:56:07.266 [main] PackageRelationshipCollection - Parsing relationship: /xl/_rels/workbook.xml.rels
[DEBUG] 2024-09-11 15:56:07.267 [main] PackageRelationshipCollection - Parsing relationship: /xl/worksheets/_rels/sheet1.xml.rels
[DEBUG] 2024-09-11 15:56:07.267 [main] PackageRelationshipCollection - Parsing relationship: /_rels/.rels
[DEBUG] 2024-09-11 15:56:07.290 [main] PackageRelationshipCollection - Parsing relationship: /xl/_rels/workbook.xml.rels
[DEBUG] 2024-09-11 15:56:07.291 [main] PackageRelationshipCollection - Parsing relationship: /xl/worksheets/_rels/sheet1.xml.rels
[DEBUG] 2024-09-11 15:56:07.292 [main] PackageRelationshipCollection - Parsing relationship: /_rels/.rels
[DEBUG] 2024-09-11 15:56:07.311 [main] PackageRelationshipCollection - Parsing relationship: /xl/_rels/workbook.xml.rels
[DEBUG] 2024-09-11 15:56:07.313 [main] PackageRelationshipCollection - Parsing relationship: /xl/worksheets/_rels/sheet1.xml.rels
[DEBUG] 2024-09-11 15:56:07.313 [main] PackageRelationshipCollection - Parsing relationship: /_rels/.rels
[DEBUG] 2024-09-11 15:56:07.334 [main] PackageRelationshipCollection - Parsing relationship: /xl/_rels/workbook.xml.rels
[DEBUG] 2024-09-11 15:56:07.335 [main] PackageRelationshipCollection - Parsing relationship: /xl/worksheets/_rels/sheet1.xml.rels
[DEBUG] 2024-09-11 15:56:07.336 [main] PackageRelationshipCollection - Parsing relationship: /_rels/.rels
[DEBUG] 2024-09-11 15:56:07.365 [main] PackageRelationshipCollection - Parsing relationship: /xl/_rels/workbook.xml.rels
[DEBUG] 2024-09-11 15:56:07.366 [main] PackageRelationshipCollection - Parsing relationship: /xl/worksheets/_rels/sheet1.xml.rels
[DEBUG] 2024-09-11 15:56:07.367 [main] PackageRelationshipCollection - Parsing relationship: /_rels/.rels
[DEBUG] 2024-09-11 15:56:07.396 [main] PackageRelationshipCollection - Parsing relationship: /xl/_rels/workbook.xml.rels
[DEBUG] 2024-09-11 15:56:07.397 [main] PackageRelationshipCollection - Parsing relationship: /xl/worksheets/_rels/sheet1.xml.rels
[DEBUG] 2024-09-11 15:56:07.398 [main] PackageRelationshipCollection - Parsing relationship: /_rels/.rels
[DEBUG] 2024-09-11 15:56:07.434 [main] PackageRelationshipCollection - Parsing relationship: /xl/_rels/workbook.xml.rels
[DEBUG] 2024-09-11 15:56:07.438 [main] PackageRelationshipCollection - Parsing relationship: /xl/worksheets/_rels/sheet1.xml.rels
[DEBUG] 2024-09-11 15:56:07.439 [main] PackageRelationshipCollection - Parsing relationship: /_rels/.rels
[DEBUG] 2024-09-11 15:56:07.472 [main] PackageRelationshipCollection - Parsing relationship: /xl/_rels/workbook.xml.rels
[DEBUG] 2024-09-11 15:56:07.477 [main] PackageRelationshipCollection - Parsing relationship: /xl/worksheets/_rels/sheet1.xml.rels
[DEBUG] 2024-09-11 15:56:07.481 [main] PackageRelationshipCollection - Parsing relationship: /_rels/.rels
[DEBUG] 2024-09-11 15:56:07.510 [main] PackageRelationshipCollection - Parsing relationship: /xl/_rels/workbook.xml.rels
[DEBUG] 2024-09-11 15:56:07.512 [main] PackageRelationshipCollection - Parsing relationship: /xl/worksheets/_rels/sheet1.xml.rels
[DEBUG] 2024-09-11 15:56:07.513 [main] PackageRelationshipCollection - Parsing relationship: /_rels/.rels
[DEBUG] 2024-09-11 15:56:07.547 [main] PackageRelationshipCollection - Parsing relationship: /xl/_rels/workbook.xml.rels
[DEBUG] 2024-09-11 15:56:07.548 [main] PackageRelationshipCollection - Parsing relationship: /xl/worksheets/_rels/sheet1.xml.rels
[DEBUG] 2024-09-11 15:56:07.549 [main] PackageRelationshipCollection - Parsing relationship: /_rels/.rels
[DEBUG] 2024-09-11 15:56:07.576 [main] PackageRelationshipCollection - Parsing relationship: /xl/_rels/workbook.xml.rels
[DEBUG] 2024-09-11 15:56:07.577 [main] PackageRelationshipCollection - Parsing relationship: /xl/worksheets/_rels/sheet1.xml.rels
[DEBUG] 2024-09-11 15:56:07.579 [main] PackageRelationshipCollection - Parsing relationship: /_rels/.rels
[DEBUG] 2024-09-11 15:56:07.608 [main] PackageRelationshipCollection - Parsing relationship: /xl/_rels/workbook.xml.rels
[DEBUG] 2024-09-11 15:56:07.609 [main] PackageRelationshipCollection - Parsing relationship: /xl/worksheets/_rels/sheet1.xml.rels
[DEBUG] 2024-09-11 15:56:07.609 [main] PackageRelationshipCollection - Parsing relationship: /_rels/.rels
[DEBUG] 2024-09-11 15:56:07.626 [main] PackageRelationshipCollection - Parsing relationship: /xl/_rels/workbook.xml.rels
[DEBUG] 2024-09-11 15:56:07.627 [main] PackageRelationshipCollection - Parsing relationship: /xl/worksheets/_rels/sheet1.xml.rels
[DEBUG] 2024-09-11 15:56:07.628 [main] PackageRelationshipCollection - Parsing relationship: /_rels/.rels
[DEBUG] 2024-09-11 15:56:07.641 [main] PackageRelationshipCollection - Parsing relationship: /xl/_rels/workbook.xml.rels
[DEBUG] 2024-09-11 15:56:07.642 [main] PackageRelationshipCollection - Parsing relationship: /xl/worksheets/_rels/sheet1.xml.rels
[DEBUG] 2024-09-11 15:56:07.643 [main] PackageRelationshipCollection - Parsing relationship: /_rels/.rels
[DEBUG] 2024-09-11 15:56:07.656 [main] PackageRelationshipCollection - Parsing relationship: /xl/_rels/workbook.xml.rels
[DEBUG] 2024-09-11 15:56:07.656 [main] PackageRelationshipCollection - Parsing relationship: /xl/worksheets/_rels/sheet1.xml.rels
[DEBUG] 2024-09-11 15:56:07.656 [main] PackageRelationshipCollection - Parsing relationship: /_rels/.rels
[DEBUG] 2024-09-11 15:56:07.669 [main] PackageRelationshipCollection - Parsing relationship: /xl/_rels/workbook.xml.rels
[DEBUG] 2024-09-11 15:56:07.670 [main] PackageRelationshipCollection - Parsing relationship: /xl/worksheets/_rels/sheet1.xml.rels
[DEBUG] 2024-09-11 15:56:07.670 [main] PackageRelationshipCollection - Parsing relationship: /_rels/.rels
[DEBUG] 2024-09-11 15:56:07.684 [main] PackageRelationshipCollection - Parsing relationship: /xl/_rels/workbook.xml.rels
[DEBUG] 2024-09-11 15:56:07.685 [main] PackageRelationshipCollection - Parsing relationship: /xl/worksheets/_rels/sheet1.xml.rels
[DEBUG] 2024-09-11 15:56:07.685 [main] PackageRelationshipCollection - Parsing relationship: /_rels/.rels
[DEBUG] 2024-09-11 15:56:07.698 [main] PackageRelationshipCollection - Parsing relationship: /xl/_rels/workbook.xml.rels
[DEBUG] 2024-09-11 15:56:07.699 [main] PackageRelationshipCollection - Parsing relationship: /xl/worksheets/_rels/sheet1.xml.rels
[DEBUG] 2024-09-11 15:56:07.700 [main] PackageRelationshipCollection - Parsing relationship: /_rels/.rels
[DEBUG] 2024-09-11 15:56:07.719 [main] PackageRelationshipCollection - Parsing relationship: /xl/_rels/workbook.xml.rels
[DEBUG] 2024-09-11 15:56:07.719 [main] PackageRelationshipCollection - Parsing relationship: /xl/worksheets/_rels/sheet1.xml.rels
[DEBUG] 2024-09-11 15:56:07.720 [main] PackageRelationshipCollection - Parsing relationship: /_rels/.rels
[INFO ] 2024-09-11 15:56:11.291 [main] UserTest - Inside get user
[INFO ] 2024-09-11 15:56:12.811 [main] UserTest - Inside get user
[INFO ] 2024-09-11 15:56:14.037 [main] UserTest - Inside get user
[INFO ] 2024-09-11 15:57:17.516 [main] UserTest - Preparing test data using faker
[DEBUG] 2024-09-11 15:57:17.783 [main] PackageRelationshipCollection - Parsing relationship: /xl/_rels/workbook.xml.rels
[DEBUG] 2024-09-11 15:57:17.786 [main] PackageRelationshipCollection - Parsing relationship: /xl/worksheets/_rels/sheet1.xml.rels
[DEBUG] 2024-09-11 15:57:17.787 [main] PackageRelationshipCollection - Parsing relationship: /_rels/.rels
[DEBUG] 2024-09-11 15:57:18.266 [main] PackageRelationshipCollection - Parsing relationship: /xl/_rels/workbook.xml.rels
[DEBUG] 2024-09-11 15:57:18.268 [main] PackageRelationshipCollection - Parsing relationship: /xl/worksheets/_rels/sheet1.xml.rels
[DEBUG] 2024-09-11 15:57:18.270 [main] PackageRelationshipCollection - Parsing relationship: /_rels/.rels
[DEBUG] 2024-09-11 15:57:18.315 [main] PackageRelationshipCollection - Parsing relationship: /xl/_rels/workbook.xml.rels
[DEBUG] 2024-09-11 15:57:18.316 [main] PackageRelationshipCollection - Parsing relationship: /xl/worksheets/_rels/sheet1.xml.rels
[DEBUG] 2024-09-11 15:57:18.317 [main] PackageRelationshipCollection - Parsing relationship: /_rels/.rels
[DEBUG] 2024-09-11 15:57:18.389 [main] PackageRelationshipCollection - Parsing relationship: /xl/_rels/workbook.xml.rels
[DEBUG] 2024-09-11 15:57:18.391 [main] PackageRelationshipCollection - Parsing relationship: /xl/worksheets/_rels/sheet1.xml.rels
[DEBUG] 2024-09-11 15:57:18.392 [main] PackageRelationshipCollection - Parsing relationship: /_rels/.rels
[DEBUG] 2024-09-11 15:57:18.462 [main] PackageRelationshipCollection - Parsing relationship: /xl/_rels/workbook.xml.rels
[DEBUG] 2024-09-11 15:57:18.465 [main] PackageRelationshipCollection - Parsing relationship: /xl/worksheets/_rels/sheet1.xml.rels
[DEBUG] 2024-09-11 15:57:18.468 [main] PackageRelationshipCollection - Parsing relationship: /_rels/.rels
[DEBUG] 2024-09-11 15:57:18.555 [main] PackageRelationshipCollection - Parsing relationship: /xl/_rels/workbook.xml.rels
[DEBUG] 2024-09-11 15:57:18.557 [main] PackageRelationshipCollection - Parsing relationship: /xl/worksheets/_rels/sheet1.xml.rels
[DEBUG] 2024-09-11 15:57:18.558 [main] PackageRelationshipCollection - Parsing relationship: /_rels/.rels
[DEBUG] 2024-09-11 15:57:18.608 [main] PackageRelationshipCollection - Parsing relationship: /xl/_rels/workbook.xml.rels
[DEBUG] 2024-09-11 15:57:18.613 [main] PackageRelationshipCollection - Parsing relationship: /xl/worksheets/_rels/sheet1.xml.rels
[DEBUG] 2024-09-11 15:57:18.615 [main] PackageRelationshipCollection - Parsing relationship: /_rels/.rels
[DEBUG] 2024-09-11 15:57:18.647 [main] PackageRelationshipCollection - Parsing relationship: /xl/_rels/workbook.xml.rels
[DEBUG] 2024-09-11 15:57:18.648 [main] PackageRelationshipCollection - Parsing relationship: /xl/worksheets/_rels/sheet1.xml.rels
[DEBUG] 2024-09-11 15:57:18.651 [main] PackageRelationshipCollection - Parsing relationship: /_rels/.rels
[DEBUG] 2024-09-11 15:57:18.681 [main] PackageRelationshipCollection - Parsing relationship: /xl/_rels/workbook.xml.rels
[DEBUG] 2024-09-11 15:57:18.682 [main] PackageRelationshipCollection - Parsing relationship: /xl/worksheets/_rels/sheet1.xml.rels
[DEBUG] 2024-09-11 15:57:18.682 [main] PackageRelationshipCollection - Parsing relationship: /_rels/.rels
[DEBUG] 2024-09-11 15:57:18.708 [main] PackageRelationshipCollection - Parsing relationship: /xl/_rels/workbook.xml.rels
[DEBUG] 2024-09-11 15:57:18.709 [main] PackageRelationshipCollection - Parsing relationship: /xl/worksheets/_rels/sheet1.xml.rels
[DEBUG] 2024-09-11 15:57:18.709 [main] PackageRelationshipCollection - Parsing relationship: /_rels/.rels
[DEBUG] 2024-09-11 15:57:18.727 [main] PackageRelationshipCollection - Parsing relationship: /xl/_rels/workbook.xml.rels
[DEBUG] 2024-09-11 15:57:18.727 [main] PackageRelationshipCollection - Parsing relationship: /xl/worksheets/_rels/sheet1.xml.rels
[DEBUG] 2024-09-11 15:57:18.730 [main] PackageRelationshipCollection - Parsing relationship: /_rels/.rels
[DEBUG] 2024-09-11 15:57:18.746 [main] PackageRelationshipCollection - Parsing relationship: /xl/_rels/workbook.xml.rels
[DEBUG] 2024-09-11 15:57:18.747 [main] PackageRelationshipCollection - Parsing relationship: /xl/worksheets/_rels/sheet1.xml.rels
[DEBUG] 2024-09-11 15:57:18.747 [main] PackageRelationshipCollection - Parsing relationship: /_rels/.rels
[DEBUG] 2024-09-11 15:57:18.760 [main] PackageRelationshipCollection - Parsing relationship: /xl/_rels/workbook.xml.rels
[DEBUG] 2024-09-11 15:57:18.761 [main] PackageRelationshipCollection - Parsing relationship: /xl/worksheets/_rels/sheet1.xml.rels
[DEBUG] 2024-09-11 15:57:18.762 [main] PackageRelationshipCollection - Parsing relationship: /_rels/.rels
[DEBUG] 2024-09-11 15:57:18.774 [main] PackageRelationshipCollection - Parsing relationship: /xl/_rels/workbook.xml.rels
[DEBUG] 2024-09-11 15:57:18.776 [main] PackageRelationshipCollection - Parsing relationship: /xl/worksheets/_rels/sheet1.xml.rels
[DEBUG] 2024-09-11 15:57:18.776 [main] PackageRelationshipCollection - Parsing relationship: /_rels/.rels
[DEBUG] 2024-09-11 15:57:18.788 [main] PackageRelationshipCollection - Parsing relationship: /xl/_rels/workbook.xml.rels
[DEBUG] 2024-09-11 15:57:18.789 [main] PackageRelationshipCollection - Parsing relationship: /xl/worksheets/_rels/sheet1.xml.rels
[DEBUG] 2024-09-11 15:57:18.789 [main] PackageRelationshipCollection - Parsing relationship: /_rels/.rels
[DEBUG] 2024-09-11 15:57:18.804 [main] PackageRelationshipCollection - Parsing relationship: /xl/_rels/workbook.xml.rels
[DEBUG] 2024-09-11 15:57:18.804 [main] PackageRelationshipCollection - Parsing relationship: /xl/worksheets/_rels/sheet1.xml.rels
[DEBUG] 2024-09-11 15:57:18.805 [main] PackageRelationshipCollection - Parsing relationship: /_rels/.rels
[DEBUG] 2024-09-11 15:57:18.823 [main] PackageRelationshipCollection - Parsing relationship: /xl/_rels/workbook.xml.rels
[DEBUG] 2024-09-11 15:57:18.824 [main] PackageRelationshipCollection - Parsing relationship: /xl/worksheets/_rels/sheet1.xml.rels
[DEBUG] 2024-09-11 15:57:18.824 [main] PackageRelationshipCollection - Parsing relationship: /_rels/.rels
[DEBUG] 2024-09-11 15:57:18.846 [main] PackageRelationshipCollection - Parsing relationship: /xl/_rels/workbook.xml.rels
[DEBUG] 2024-09-11 15:57:18.847 [main] PackageRelationshipCollection - Parsing relationship: /xl/worksheets/_rels/sheet1.xml.rels
[DEBUG] 2024-09-11 15:57:18.847 [main] PackageRelationshipCollection - Parsing relationship: /_rels/.rels
[DEBUG] 2024-09-11 15:57:18.864 [main] PackageRelationshipCollection - Parsing relationship: /xl/_rels/workbook.xml.rels
[DEBUG] 2024-09-11 15:57:18.865 [main] PackageRelationshipCollection - Parsing relationship: /xl/worksheets/_rels/sheet1.xml.rels
[DEBUG] 2024-09-11 15:57:18.866 [main] PackageRelationshipCollection - Parsing relationship: /_rels/.rels
[DEBUG] 2024-09-11 15:57:18.882 [main] PackageRelationshipCollection - Parsing relationship: /xl/_rels/workbook.xml.rels
[DEBUG] 2024-09-11 15:57:18.882 [main] PackageRelationshipCollection - Parsing relationship: /xl/worksheets/_rels/sheet1.xml.rels
[DEBUG] 2024-09-11 15:57:18.882 [main] PackageRelationshipCollection - Parsing relationship: /_rels/.rels
[DEBUG] 2024-09-11 15:57:18.893 [main] PackageRelationshipCollection - Parsing relationship: /xl/_rels/workbook.xml.rels
[DEBUG] 2024-09-11 15:57:18.896 [main] PackageRelationshipCollection - Parsing relationship: /xl/worksheets/_rels/sheet1.xml.rels
[DEBUG] 2024-09-11 15:57:18.896 [main] PackageRelationshipCollection - Parsing relationship: /_rels/.rels
[DEBUG] 2024-09-11 15:57:18.924 [main] PackageRelationshipCollection - Parsing relationship: /xl/_rels/workbook.xml.rels
[DEBUG] 2024-09-11 15:57:18.925 [main] PackageRelationshipCollection - Parsing relationship: /xl/worksheets/_rels/sheet1.xml.rels
[DEBUG] 2024-09-11 15:57:18.926 [main] PackageRelationshipCollection - Parsing relationship: /_rels/.rels
[DEBUG] 2024-09-11 15:57:19.027 [main] PackageRelationshipCollection - Parsing relationship: /xl/_rels/workbook.xml.rels
[DEBUG] 2024-09-11 15:57:19.027 [main] PackageRelationshipCollection - Parsing relationship: /xl/worksheets/_rels/sheet1.xml.rels
[DEBUG] 2024-09-11 15:57:19.028 [main] PackageRelationshipCollection - Parsing relationship: /_rels/.rels
[INFO ] 2024-09-11 15:57:22.556 [main] UserTest - Inside get user
[INFO ] 2024-09-11 15:57:24.019 [main] UserTest - Inside get user
[INFO ] 2024-09-11 15:57:25.195 [main] UserTest - Inside get user
[INFO ] 2024-09-11 15:58:16.687 [main] UserTest - Preparing test data using faker
[DEBUG] 2024-09-11 15:58:16.952 [main] PackageRelationshipCollection - Parsing relationship: /xl/_rels/workbook.xml.rels
[DEBUG] 2024-09-11 15:58:16.954 [main] PackageRelationshipCollection - Parsing relationship: /xl/worksheets/_rels/sheet1.xml.rels
[DEBUG] 2024-09-11 15:58:16.955 [main] PackageRelationshipCollection - Parsing relationship: /_rels/.rels
[DEBUG] 2024-09-11 15:58:17.377 [main] PackageRelationshipCollection - Parsing relationship: /xl/_rels/workbook.xml.rels
[DEBUG] 2024-09-11 15:58:17.378 [main] PackageRelationshipCollection - Parsing relationship: /xl/worksheets/_rels/sheet1.xml.rels
[DEBUG] 2024-09-11 15:58:17.379 [main] PackageRelationshipCollection - Parsing relationship: /_rels/.rels
[DEBUG] 2024-09-11 15:58:17.420 [main] PackageRelationshipCollection - Parsing relationship: /xl/_rels/workbook.xml.rels
[DEBUG] 2024-09-11 15:58:17.421 [main] PackageRelationshipCollection - Parsing relationship: /xl/worksheets/_rels/sheet1.xml.rels
[DEBUG] 2024-09-11 15:58:17.422 [main] PackageRelationshipCollection - Parsing relationship: /_rels/.rels
[DEBUG] 2024-09-11 15:58:17.469 [main] PackageRelationshipCollection - Parsing relationship: /xl/_rels/workbook.xml.rels
[DEBUG] 2024-09-11 15:58:17.471 [main] PackageRelationshipCollection - Parsing relationship: /xl/worksheets/_rels/sheet1.xml.rels
[DEBUG] 2024-09-11 15:58:17.472 [main] PackageRelationshipCollection - Parsing relationship: /_rels/.rels
[DEBUG] 2024-09-11 15:58:17.513 [main] PackageRelationshipCollection - Parsing relationship: /xl/_rels/workbook.xml.rels
[DEBUG] 2024-09-11 15:58:17.516 [main] PackageRelationshipCollection - Parsing relationship: /xl/worksheets/_rels/sheet1.xml.rels
[DEBUG] 2024-09-11 15:58:17.516 [main] PackageRelationshipCollection - Parsing relationship: /_rels/.rels
[DEBUG] 2024-09-11 15:58:17.549 [main] PackageRelationshipCollection - Parsing relationship: /xl/_rels/workbook.xml.rels
[DEBUG] 2024-09-11 15:58:17.549 [main] PackageRelationshipCollection - Parsing relationship: /xl/worksheets/_rels/sheet1.xml.rels
[DEBUG] 2024-09-11 15:58:17.550 [main] PackageRelationshipCollection - Parsing relationship: /_rels/.rels
[DEBUG] 2024-09-11 15:58:17.578 [main] PackageRelationshipCollection - Parsing relationship: /xl/_rels/workbook.xml.rels
[DEBUG] 2024-09-11 15:58:17.580 [main] PackageRelationshipCollection - Parsing relationship: /xl/worksheets/_rels/sheet1.xml.rels
[DEBUG] 2024-09-11 15:58:17.583 [main] PackageRelationshipCollection - Parsing relationship: /_rels/.rels
[DEBUG] 2024-09-11 15:58:17.610 [main] PackageRelationshipCollection - Parsing relationship: /xl/_rels/workbook.xml.rels
[DEBUG] 2024-09-11 15:58:17.611 [main] PackageRelationshipCollection - Parsing relationship: /xl/worksheets/_rels/sheet1.xml.rels
[DEBUG] 2024-09-11 15:58:17.611 [main] PackageRelationshipCollection - Parsing relationship: /_rels/.rels
[DEBUG] 2024-09-11 15:58:17.631 [main] PackageRelationshipCollection - Parsing relationship: /xl/_rels/workbook.xml.rels
[DEBUG] 2024-09-11 15:58:17.632 [main] PackageRelationshipCollection - Parsing relationship: /xl/worksheets/_rels/sheet1.xml.rels
[DEBUG] 2024-09-11 15:58:17.632 [main] PackageRelationshipCollection - Parsing relationship: /_rels/.rels
[DEBUG] 2024-09-11 15:58:17.653 [main] PackageRelationshipCollection - Parsing relationship: /xl/_rels/workbook.xml.rels
[DEBUG] 2024-09-11 15:58:17.654 [main] PackageRelationshipCollection - Parsing relationship: /xl/worksheets/_rels/sheet1.xml.rels
[DEBUG] 2024-09-11 15:58:17.655 [main] PackageRelationshipCollection - Parsing relationship: /_rels/.rels
[DEBUG] 2024-09-11 15:58:17.673 [main] PackageRelationshipCollection - Parsing relationship: /xl/_rels/workbook.xml.rels
[DEBUG] 2024-09-11 15:58:17.674 [main] PackageRelationshipCollection - Parsing relationship: /xl/worksheets/_rels/sheet1.xml.rels
[DEBUG] 2024-09-11 15:58:17.675 [main] PackageRelationshipCollection - Parsing relationship: /_rels/.rels
[DEBUG] 2024-09-11 15:58:17.691 [main] PackageRelationshipCollection - Parsing relationship: /xl/_rels/workbook.xml.rels
[DEBUG] 2024-09-11 15:58:17.692 [main] PackageRelationshipCollection - Parsing relationship: /xl/worksheets/_rels/sheet1.xml.rels
[DEBUG] 2024-09-11 15:58:17.692 [main] PackageRelationshipCollection - Parsing relationship: /_rels/.rels
[DEBUG] 2024-09-11 15:58:17.711 [main] PackageRelationshipCollection - Parsing relationship: /xl/_rels/workbook.xml.rels
[DEBUG] 2024-09-11 15:58:17.713 [main] PackageRelationshipCollection - Parsing relationship: /xl/worksheets/_rels/sheet1.xml.rels
[DEBUG] 2024-09-11 15:58:17.713 [main] PackageRelationshipCollection - Parsing relationship: /_rels/.rels
[DEBUG] 2024-09-11 15:58:17.730 [main] PackageRelationshipCollection - Parsing relationship: /xl/_rels/workbook.xml.rels
[DEBUG] 2024-09-11 15:58:17.731 [main] PackageRelationshipCollection - Parsing relationship: /xl/worksheets/_rels/sheet1.xml.rels
[DEBUG] 2024-09-11 15:58:17.732 [main] PackageRelationshipCollection - Parsing relationship: /_rels/.rels
[DEBUG] 2024-09-11 15:58:17.747 [main] PackageRelationshipCollection - Parsing relationship: /xl/_rels/workbook.xml.rels
[DEBUG] 2024-09-11 15:58:17.748 [main] PackageRelationshipCollection - Parsing relationship: /xl/worksheets/_rels/sheet1.xml.rels
[DEBUG] 2024-09-11 15:58:17.748 [main] PackageRelationshipCollection - Parsing relationship: /_rels/.rels
[DEBUG] 2024-09-11 15:58:17.762 [main] PackageRelationshipCollection - Parsing relationship: /xl/_rels/workbook.xml.rels
[DEBUG] 2024-09-11 15:58:17.763 [main] PackageRelationshipCollection - Parsing relationship: /xl/worksheets/_rels/sheet1.xml.rels
[DEBUG] 2024-09-11 15:58:17.763 [main] PackageRelationshipCollection - Parsing relationship: /_rels/.rels
[DEBUG] 2024-09-11 15:58:17.783 [main] PackageRelationshipCollection - Parsing relationship: /xl/_rels/workbook.xml.rels
[DEBUG] 2024-09-11 15:58:17.783 [main] PackageRelationshipCollection - Parsing relationship: /xl/worksheets/_rels/sheet1.xml.rels
[DEBUG] 2024-09-11 15:58:17.784 [main] PackageRelationshipCollection - Parsing relationship: /_rels/.rels
[DEBUG] 2024-09-11 15:58:17.800 [main] PackageRelationshipCollection - Parsing relationship: /xl/_rels/workbook.xml.rels
[DEBUG] 2024-09-11 15:58:17.801 [main] PackageRelationshipCollection - Parsing relationship: /xl/worksheets/_rels/sheet1.xml.rels
[DEBUG] 2024-09-11 15:58:17.801 [main] PackageRelationshipCollection - Parsing relationship: /_rels/.rels
[DEBUG] 2024-09-11 15:58:17.817 [main] PackageRelationshipCollection - Parsing relationship: /xl/_rels/workbook.xml.rels
[DEBUG] 2024-09-11 15:58:17.818 [main] PackageRelationshipCollection - Parsing relationship: /xl/worksheets/_rels/sheet1.xml.rels
[DEBUG] 2024-09-11 15:58:17.818 [main] PackageRelationshipCollection - Parsing relationship: /_rels/.rels
[DEBUG] 2024-09-11 15:58:17.834 [main] PackageRelationshipCollection - Parsing relationship: /xl/_rels/workbook.xml.rels
[DEBUG] 2024-09-11 15:58:17.835 [main] PackageRelationshipCollection - Parsing relationship: /xl/worksheets/_rels/sheet1.xml.rels
[DEBUG] 2024-09-11 15:58:17.835 [main] PackageRelationshipCollection - Parsing relationship: /_rels/.rels
[DEBUG] 2024-09-11 15:58:17.850 [main] PackageRelationshipCollection - Parsing relationship: /xl/_rels/workbook.xml.rels
[DEBUG] 2024-09-11 15:58:17.851 [main] PackageRelationshipCollection - Parsing relationship: /xl/worksheets/_rels/sheet1.xml.rels
[DEBUG] 2024-09-11 15:58:17.852 [main] PackageRelationshipCollection - Parsing relationship: /_rels/.rels
[DEBUG] 2024-09-11 15:58:17.865 [main] PackageRelationshipCollection - Parsing relationship: /xl/_rels/workbook.xml.rels
[DEBUG] 2024-09-11 15:58:17.865 [main] PackageRelationshipCollection - Parsing relationship: /xl/worksheets/_rels/sheet1.xml.rels
[DEBUG] 2024-09-11 15:58:17.865 [main] PackageRelationshipCollection - Parsing relationship: /_rels/.rels
[DEBUG] 2024-09-11 15:58:17.879 [main] PackageRelationshipCollection - Parsing relationship: /xl/_rels/workbook.xml.rels
[DEBUG] 2024-09-11 15:58:17.879 [main] PackageRelationshipCollection - Parsing relationship: /xl/worksheets/_rels/sheet1.xml.rels
[DEBUG] 2024-09-11 15:58:17.880 [main] PackageRelationshipCollection - Parsing relationship: /_rels/.rels
[INFO ] 2024-09-11 15:58:21.277 [main] UserTest - Preparing test data using faker
[INFO ] 2024-09-11 15:58:21.323 [main] UserTest - Inside get user
[INFO ] 2024-09-11 22:00:20.699 [main] UserTest - Preparing test data using faker
[INFO ] 2024-09-11 22:00:20.877 [main] UserTest - Inside create pet test
[INFO ] 2024-09-11 22:01:26.063 [main] UserTest - Preparing test data using faker
[INFO ] 2024-09-11 22:01:26.285 [main] UserTest - Inside create pet test
[INFO ] 2024-09-11 22:03:16.799 [main] UserTest - Preparing test data using faker
[INFO ] 2024-09-11 22:03:16.972 [main] UserTest - Inside create pet test
[INFO ] 2024-09-11 22:05:22.062 [main] UserTest - Preparing test data using faker
[INFO ] 2024-09-11 22:05:22.293 [main] UserTest - Inside create pet test
[INFO ] 2024-09-11 22:05:51.829 [main] UserTest - Preparing test data using faker
[INFO ] 2024-09-11 22:05:52.058 [main] UserTest - Inside create pet test
[INFO ] 2024-09-11 22:06:30.545 [main] UserTest - Preparing test data using faker
[INFO ] 2024-09-11 22:06:30.783 [main] UserTest - Inside create pet test
[INFO ] 2024-09-11 22:12:44.047 [main] UserTest - Preparing test data using faker
[INFO ] 2024-09-11 22:13:21.116 [main] UserTest - Preparing test data using faker
[INFO ] 2024-09-11 22:13:24.194 [main] UserTest - Inside create pet test
[INFO ] 2024-09-11 22:14:12.689 [main] UserTest - Preparing test data using faker
[INFO ] 2024-09-13 22:19:31.450 [main] UserTest - Preparing test data using faker
[INFO ] 2024-09-13 22:20:25.029 [main] UserTest - Preparing test data using faker
[INFO ] 2024-09-13 22:21:03.723 [main] UserTest - Preparing test data using faker
[INFO ] 2024-09-13 22:34:18.467 [main] UserTest - Preparing test data using faker
[INFO ] 2024-09-13 22:35:58.970 [main] UserTest - Preparing test data using faker
[INFO ] 2024-09-13 22:40:05.996 [main] UserTest - Preparing test data using faker
[INFO ] 2024-09-13 22:45:39.472 [main] UserTest - Preparing test data using faker
[INFO ] 2024-09-13 22:55:57.480 [main] UserTest - Preparing test data using faker
[INFO ] 2024-09-13 22:57:50.013 [main] UserTest - Preparing test data using faker
[INFO ] 2024-09-13 22:59:02.686 [main] UserTest - Preparing test data using faker
[INFO ] 2024-09-13 22:59:58.094 [main] UserTest - Preparing test data using faker
[INFO ] 2024-09-13 23:00:49.503 [main] UserTest - Preparing test data using faker
[INFO ] 2024-09-13 23:01:26.639 [main] UserTest - Preparing test data using faker
[INFO ] 2024-09-13 23:02:33.794 [main] UserTest - Preparing test data using faker
[INFO ] 2024-09-13 23:03:14.315 [main] UserTest - Preparing test data using faker
[INFO ] 2024-09-13 23:06:27.674 [main] UserTest - Preparing test data using faker
